2024-04-16 12:08:17 INFO     epoch (index_dataloader/dataloader_len), loss_value.item(), epoch_losses.mean()
2024-04-16 12:09:48 INFO     train: 0 (7/2500), 26311.298828125, 30480.376220703125
2024-04-16 12:11:16 INFO     train: 0 (15/2500), 19014.951171875, 26565.357421875
2024-04-16 12:12:43 INFO     train: 0 (23/2500), 15668.607421875, 23706.77392578125
2024-04-16 12:14:11 INFO     train: 0 (31/2500), 13541.490234375, 21521.459991455078
2024-04-16 12:15:38 INFO     train: 0 (39/2500), 10312.69140625, 19673.2556640625
2024-04-16 12:17:06 INFO     train: 0 (47/2500), 10370.51953125, 18106.297729492188
2024-04-16 12:18:33 INFO     train: 0 (55/2500), 7765.759765625, 16634.088396344865
2024-04-16 12:20:01 INFO     train: 0 (63/2500), 6608.3369140625, 15501.019088745117
2024-04-16 12:21:28 INFO     train: 0 (71/2500), 5822.06298828125, 14501.430874294705
2024-04-16 12:22:56 INFO     train: 0 (79/2500), 5010.82275390625, 13590.480163574219
2024-04-16 12:24:23 INFO     train: 0 (87/2500), 5457.265625, 12787.560241699219
2024-04-16 12:25:51 INFO     train: 0 (95/2500), 3875.2333984375, 12081.57861328125
2024-04-16 12:27:18 INFO     train: 0 (103/2500), 3462.50244140625, 11435.732522817758
2024-04-16 12:28:46 INFO     train: 0 (111/2500), 3129.8896484375, 10854.589080810547
2024-04-16 12:30:14 INFO     train: 0 (119/2500), 2847.672119140625, 10330.51601969401
2024-04-16 12:31:41 INFO     train: 0 (127/2500), 3250.7431640625, 9870.823392868042
2024-04-16 12:33:09 INFO     train: 0 (135/2500), 2483.6767578125, 9464.191777846392
2024-04-16 12:34:36 INFO     train: 0 (143/2500), 2230.2451171875, 9080.815073649088
2024-04-16 12:36:04 INFO     train: 0 (151/2500), 1944.744384765625, 8722.165896767065
2024-04-16 12:37:31 INFO     train: 0 (159/2500), 2043.387451171875, 8399.474293518066
2024-04-16 12:38:59 INFO     train: 0 (167/2500), 1903.8070068359375, 8093.9287349155975
2024-04-16 12:40:26 INFO     train: 0 (175/2500), 1645.6070556640625, 7807.027054526589
2024-04-16 12:41:54 INFO     train: 0 (183/2500), 1767.621826171875, 7547.212503847869
2024-04-16 12:43:21 INFO     train: 0 (191/2500), 1662.193115234375, 7299.8882694244385
2024-04-16 12:44:49 INFO     train: 0 (199/2500), 1710.0018310546875, 7085.059899902344
2024-04-16 12:46:16 INFO     train: 0 (207/2500), 1184.4703369140625, 6870.281363854041
2024-04-16 12:47:44 INFO     train: 0 (215/2500), 1285.095947265625, 6666.047874168114
2024-04-16 12:49:11 INFO     train: 0 (223/2500), 1078.2861328125, 6474.55801991054
2024-04-16 12:50:39 INFO     train: 0 (231/2500), 1165.3712158203125, 6293.772368332436
2024-04-16 12:52:06 INFO     train: 0 (239/2500), 1070.8990478515625, 6123.8943300882975
2024-04-16 12:53:34 INFO     train: 0 (247/2500), 1426.349609375, 5962.198873212261
2024-04-16 12:55:01 INFO     train: 0 (255/2500), 836.193603515625, 5807.181862592697
2024-04-16 12:56:29 INFO     train: 0 (263/2500), 846.1929931640625, 5659.065328424627
2024-04-16 12:57:56 INFO     train: 0 (271/2500), 786.393798828125, 5522.522939794204
2024-04-16 12:59:24 INFO     train: 0 (279/2500), 800.6406860351562, 5388.082971409389
2024-04-16 13:00:52 INFO     train: 0 (287/2500), 815.3070068359375, 5262.131822374132
2024-04-16 13:02:19 INFO     train: 0 (295/2500), 831.7058715820312, 5142.456323159708
2024-04-16 13:03:47 INFO     train: 0 (303/2500), 923.671630859375, 5027.725747158653
2024-04-16 13:05:14 INFO     train: 0 (311/2500), 829.835693359375, 4919.068055177347
2024-04-16 13:06:42 INFO     train: 0 (319/2500), 965.823486328125, 4817.857538604736
2024-04-16 13:08:09 INFO     train: 0 (327/2500), 682.1922607421875, 4715.539901547316
2024-04-16 13:09:37 INFO     train: 0 (335/2500), 663.5734252929688, 4619.605063665481
2024-04-16 13:11:04 INFO     train: 0 (343/2500), 578.8232421875, 4524.969402047091
2024-04-16 13:12:32 INFO     train: 0 (351/2500), 642.6484375, 4436.16715223139
2024-04-16 13:13:59 INFO     train: 0 (359/2500), 548.8900146484375, 4351.833561537001
2024-04-16 13:15:27 INFO     train: 0 (367/2500), 523.9536743164062, 4270.993655992591
2024-04-16 13:16:54 INFO     train: 0 (375/2500), 696.8538818359375, 4194.209431425054
2024-04-16 13:18:22 INFO     train: 0 (383/2500), 736.109130859375, 4119.736935853958
2024-04-16 13:19:49 INFO     train: 0 (391/2500), 589.0563354492188, 4049.3552453955826
2024-04-16 13:21:17 INFO     train: 0 (399/2500), 650.334716796875, 3982.350707244873
2024-04-16 13:22:45 INFO     train: 0 (407/2500), 528.1262817382812, 3914.3875106362734
2024-04-16 13:24:12 INFO     train: 0 (415/2500), 610.7747802734375, 3854.295808645395
2024-04-16 13:25:40 INFO     train: 0 (423/2500), 671.6200561523438, 3791.9067459106445
2024-04-16 13:27:07 INFO     train: 0 (431/2500), 449.31256103515625, 3731.7163305635804
2024-04-16 13:28:35 INFO     train: 0 (439/2500), 392.00872802734375, 3674.672399624911
2024-04-16 13:30:02 INFO     train: 0 (447/2500), 449.52667236328125, 3618.8833731923783
2024-04-16 13:31:30 INFO     train: 0 (455/2500), 399.3152770996094, 3564.0321171409205
2024-04-16 13:32:57 INFO     train: 0 (463/2500), 438.9438171386719, 3511.1417344191977
2024-04-16 13:34:25 INFO     train: 0 (471/2500), 525.8006591796875, 3459.8679565817624
2024-04-16 13:35:52 INFO     train: 0 (479/2500), 492.7551574707031, 3409.929235458374
2024-04-16 13:37:20 INFO     train: 0 (487/2500), 345.20733642578125, 3361.33135123331
2024-04-16 13:38:47 INFO     train: 0 (495/2500), 339.23968505859375, 3314.8963987288935
2024-04-16 13:40:16 INFO     train: 0 (503/2500), 959.6895751953125, 3270.9656045701768
2024-04-16 13:41:46 INFO     train: 0 (511/2500), 545.6218872070312, 3234.7306522727013
2024-04-16 13:43:15 INFO     train: 0 (519/2500), 416.2002868652344, 3192.9128868689904
2024-04-16 13:44:45 INFO     train: 0 (527/2500), 473.81256103515625, 3152.721542473995
2024-04-16 13:46:15 INFO     train: 0 (535/2500), 445.0646667480469, 3113.0615454716467
2024-04-16 13:47:45 INFO     train: 0 (543/2500), 585.0277099609375, 3074.9154984530282
2024-04-16 13:49:15 INFO     train: 0 (551/2500), 735.6572875976562, 3038.4228167326555
2024-04-16 13:50:44 INFO     train: 0 (559/2500), 406.54132080078125, 3001.8751271384103
2024-04-16 13:52:14 INFO     train: 0 (567/2500), 544.219970703125, 2966.898019602601
2024-04-16 13:53:44 INFO     train: 0 (575/2500), 403.92578125, 2933.008052190145
2024-04-16 13:55:14 INFO     train: 0 (583/2500), 633.6382446289062, 2899.5756735083173
2024-04-16 13:56:43 INFO     train: 0 (591/2500), 498.3756103515625, 2869.7366792317985
2024-04-16 13:58:13 INFO     train: 0 (599/2500), 386.0497741699219, 2838.36174021403
2024-04-16 13:59:43 INFO     train: 0 (607/2500), 352.4233093261719, 2808.8055947956286
2024-04-16 14:01:13 INFO     train: 0 (615/2500), 426.6070251464844, 2778.11326237468
2024-04-16 14:02:43 INFO     train: 0 (623/2500), 406.8046875, 2748.5501955472505
2024-04-16 14:04:12 INFO     train: 0 (631/2500), 431.565185546875, 2718.9932413704787
2024-04-16 14:05:41 INFO     train: 0 (639/2500), 533.3543701171875, 2691.3523665905
2024-04-16 14:07:11 INFO     train: 0 (647/2500), 537.3516845703125, 2663.2236018239714
2024-04-16 14:08:41 INFO     train: 0 (655/2500), 483.9976806640625, 2637.7930996127243
2024-04-16 14:10:11 INFO     train: 0 (663/2500), 313.02667236328125, 2611.1036896763076
2024-04-16 14:11:41 INFO     train: 0 (671/2500), 662.8057250976562, 2585.0442943573
2024-04-16 14:13:11 INFO     train: 0 (679/2500), 443.2138671875, 2561.570332336426
2024-04-16 14:14:40 INFO     train: 0 (687/2500), 484.9068603515625, 2537.196658955064
2024-04-16 14:16:09 INFO     train: 0 (695/2500), 360.585205078125, 2512.6337528009526
2024-04-16 14:17:38 INFO     train: 0 (703/2500), 342.8187255859375, 2488.1840559352527
2024-04-16 14:19:07 INFO     train: 0 (711/2500), 1534.8446044921875, 2466.933884567089
2024-04-16 14:20:35 INFO     train: 0 (719/2500), 371.86883544921875, 2445.210902955797
2024-04-16 14:22:04 INFO     train: 0 (727/2500), 408.2216796875, 2422.790444258805
2024-04-16 14:23:33 INFO     train: 0 (735/2500), 594.5240478515625, 2401.055437170941
2024-04-16 14:25:02 INFO     train: 0 (743/2500), 501.75299072265625, 2380.124106745566
2024-04-16 14:26:31 INFO     train: 0 (751/2500), 462.048095703125, 2359.510039917966
2024-04-16 14:28:00 INFO     train: 0 (759/2500), 352.32171630859375, 2339.4772583810905
2024-04-16 14:29:29 INFO     train: 0 (767/2500), 349.750732421875, 2319.762120485306
2024-04-16 14:30:58 INFO     train: 0 (775/2500), 585.6004028320312, 2300.202650601102
2024-04-16 14:32:27 INFO     train: 0 (783/2500), 297.4664001464844, 2281.0410740132234
2024-04-16 14:33:55 INFO     train: 0 (791/2500), 328.3728942871094, 2262.791217534229
2024-04-16 14:35:24 INFO     train: 0 (799/2500), 494.3717956542969, 2244.5950099945067
2024-04-16 14:36:53 INFO     train: 0 (807/2500), 309.10382080078125, 2227.4950049749696
2024-04-16 14:38:22 INFO     train: 0 (815/2500), 410.7569885253906, 2209.5529236139037
2024-04-16 14:39:50 INFO     train: 0 (823/2500), 561.1007690429688, 2191.3684619977635
2024-04-16 14:41:19 INFO     train: 0 (831/2500), 320.5306396484375, 2174.072623894765
2024-04-16 14:42:48 INFO     train: 0 (839/2500), 305.0231628417969, 2156.6370354970295
2024-04-16 14:44:17 INFO     train: 0 (847/2500), 351.3533935546875, 2139.7616324334776
2024-04-16 14:45:45 INFO     train: 0 (855/2500), 351.765380859375, 2122.9206291091778
2024-04-16 14:47:14 INFO     train: 0 (863/2500), 353.96026611328125, 2106.282969103919
2024-04-16 14:48:43 INFO     train: 0 (871/2500), 300.41400146484375, 2090.640290059081
2024-04-16 14:50:12 INFO     train: 0 (879/2500), 1240.05078125, 2076.123641499606
2024-04-16 14:51:40 INFO     train: 0 (887/2500), 584.48681640625, 2061.2420495351157
2024-04-16 14:53:09 INFO     train: 0 (895/2500), 465.8083801269531, 2046.9026621580124
2024-04-16 14:54:38 INFO     train: 0 (903/2500), 554.1111450195312, 2031.9587737902075
2024-04-16 14:56:07 INFO     train: 0 (911/2500), 398.2789306640625, 2017.1594468668889
2024-04-16 14:57:35 INFO     train: 0 (919/2500), 238.66424560546875, 2002.222799549932
2024-04-16 14:59:04 INFO     train: 0 (927/2500), 282.8875732421875, 1987.7935182143901
2024-04-16 15:00:32 INFO     train: 0 (935/2500), 216.69227600097656, 1974.6160065088516
2024-04-16 15:02:01 INFO     train: 0 (943/2500), 609.0833129882812, 1962.27162377309
2024-04-16 15:03:30 INFO     train: 0 (951/2500), 429.6932373046875, 1948.9170911933193
2024-04-16 15:04:59 INFO     train: 0 (959/2500), 319.66363525390625, 1935.8380147457124
2024-04-16 15:06:28 INFO     train: 0 (967/2500), 282.30047607421875, 1922.6109428721027
2024-04-16 15:07:57 INFO     train: 0 (975/2500), 265.209716796875, 1909.2291894193556
2024-04-16 15:09:25 INFO     train: 0 (983/2500), 229.70684814453125, 1897.6013141414983
2024-04-16 15:10:54 INFO     train: 0 (991/2500), 208.41517639160156, 1884.803141393969
2024-04-16 15:12:23 INFO     train: 0 (999/2500), 217.82891845703125, 1872.7960734405517
2024-04-16 15:13:51 INFO     train: 0 (1007/2500), 219.81324768066406, 1860.2769848657033
2024-04-16 15:15:20 INFO     train: 0 (1015/2500), 355.3999328613281, 1848.5437838336613
2024-04-16 15:16:49 INFO     train: 0 (1023/2500), 354.2686462402344, 1837.7503636181355
2024-04-16 15:18:17 INFO     train: 0 (1031/2500), 241.86717224121094, 1826.211376589398
2024-04-16 15:19:46 INFO     train: 0 (1039/2500), 410.3465270996094, 1816.7725780193623
2024-04-16 15:21:15 INFO     train: 0 (1047/2500), 303.5972900390625, 1806.5832029153373
2024-04-16 15:22:44 INFO     train: 0 (1055/2500), 254.97421264648438, 1795.107171535492
2024-04-16 15:24:12 INFO     train: 0 (1063/2500), 283.1275939941406, 1784.1743574070751
2024-04-16 15:25:41 INFO     train: 0 (1071/2500), 250.40798950195312, 1773.6108865737915
2024-04-16 15:27:10 INFO     train: 0 (1079/2500), 362.44921875, 1763.0385818481445
2024-04-16 15:28:39 INFO     train: 0 (1087/2500), 257.6480712890625, 1753.0976566707386
2024-04-16 15:30:07 INFO     train: 0 (1095/2500), 256.8021240234375, 1742.4642588900824
2024-04-16 15:31:36 INFO     train: 0 (1103/2500), 420.3099060058594, 1732.2835270978403
2024-04-16 15:33:04 INFO     train: 0 (1111/2500), 356.06170654296875, 1721.9676721970811
2024-04-16 15:34:33 INFO     train: 0 (1119/2500), 480.3272399902344, 1712.390527003152
2024-04-16 15:36:02 INFO     train: 0 (1127/2500), 325.9223327636719, 1702.321161243087
2024-04-16 15:37:30 INFO     train: 0 (1135/2500), 449.36346435546875, 1693.6538879099026
2024-04-16 15:38:59 INFO     train: 0 (1143/2500), 385.04010009765625, 1684.1253171934115
2024-04-16 15:40:28 INFO     train: 0 (1151/2500), 395.02056884765625, 1674.8653243117863
2024-04-16 15:41:57 INFO     train: 0 (1159/2500), 463.5722351074219, 1665.3650455737936
2024-04-16 15:43:25 INFO     train: 0 (1167/2500), 511.71575927734375, 1655.9849636391418
2024-04-16 15:44:54 INFO     train: 0 (1175/2500), 2830.822509765625, 1649.0031253010238
2024-04-16 15:46:22 INFO     train: 0 (1183/2500), 347.09307861328125, 1640.311956392752
2024-04-16 15:47:51 INFO     train: 0 (1191/2500), 294.18695068359375, 1631.8191356914956
2024-04-16 15:49:20 INFO     train: 0 (1199/2500), 228.53988647460938, 1623.0764723205566
2024-04-16 15:50:49 INFO     train: 0 (1207/2500), 310.2823486328125, 1614.0456089626084
2024-04-16 15:52:17 INFO     train: 0 (1215/2500), 311.31488037109375, 1605.7713890075684
2024-04-16 15:53:46 INFO     train: 0 (1223/2500), 360.566162109375, 1597.1685414657095
2024-04-16 15:55:15 INFO     train: 0 (1231/2500), 279.61798095703125, 1588.5515741249183
2024-04-16 15:56:43 INFO     train: 0 (1239/2500), 292.23193359375, 1580.1424136992423
2024-04-16 15:58:12 INFO     train: 0 (1247/2500), 683.53369140625, 1572.4426543040154
2024-04-16 15:59:41 INFO     train: 0 (1255/2500), 290.5731201171875, 1564.659632287967
2024-04-16 16:01:09 INFO     train: 0 (1263/2500), 320.00048828125, 1556.786826689032
2024-04-16 16:02:38 INFO     train: 0 (1271/2500), 163.2939453125, 1549.449724413314
2024-04-16 16:04:07 INFO     train: 0 (1279/2500), 358.07037353515625, 1542.3850411772728
2024-04-16 16:05:36 INFO     train: 0 (1287/2500), 285.1820983886719, 1535.084482832725
2024-04-16 16:07:04 INFO     train: 0 (1295/2500), 265.3574523925781, 1528.6970805297663
2024-04-16 16:08:33 INFO     train: 0 (1303/2500), 731.495361328125, 1521.5437310107648
2024-04-16 16:10:01 INFO     train: 0 (1311/2500), 505.85504150390625, 1514.3418143202618
2024-04-16 16:11:30 INFO     train: 0 (1319/2500), 304.7503356933594, 1506.9768812930945
2024-04-16 16:12:59 INFO     train: 0 (1327/2500), 486.6146240234375, 1500.3541355247958
2024-04-16 16:14:27 INFO     train: 0 (1335/2500), 1015.2777709960938, 1494.1636105725865
2024-04-16 16:15:56 INFO     train: 0 (1343/2500), 482.2219543457031, 1487.2265847296942
2024-04-16 16:17:25 INFO     train: 0 (1351/2500), 355.43133544921875, 1481.0193580988596
2024-04-16 16:18:53 INFO     train: 0 (1359/2500), 209.89427185058594, 1474.5841796987197
2024-04-16 16:20:22 INFO     train: 0 (1367/2500), 237.46119689941406, 1468.018759744209
2024-04-16 16:21:51 INFO     train: 0 (1375/2500), 200.9559326171875, 1461.2371602391088
2024-04-16 16:23:20 INFO     train: 0 (1383/2500), 306.37176513671875, 1454.8420479724862
2024-04-16 16:24:48 INFO     train: 0 (1391/2500), 249.4080810546875, 1448.3131391152567
2024-04-16 16:26:17 INFO     train: 0 (1399/2500), 326.9603271484375, 1441.5165322549003
2024-04-16 16:27:45 INFO     train: 0 (1407/2500), 197.78988647460938, 1435.46457482468
2024-04-16 16:29:14 INFO     train: 0 (1415/2500), 153.01162719726562, 1429.3034969372939
2024-04-16 16:30:43 INFO     train: 0 (1423/2500), 370.0111083984375, 1422.803253677454
2024-04-16 16:32:11 INFO     train: 0 (1431/2500), 177.26992797851562, 1416.7613503653245
2024-04-16 16:33:40 INFO     train: 0 (1439/2500), 150.4911651611328, 1410.597642993927
2024-04-16 16:35:09 INFO     train: 0 (1447/2500), 239.58680725097656, 1404.1535965197652
2024-04-16 16:36:37 INFO     train: 0 (1455/2500), 449.20526123046875, 1398.005866585197
2024-04-16 16:38:06 INFO     train: 0 (1463/2500), 562.5703125, 1392.8483931015098
2024-04-16 16:39:34 INFO     train: 0 (1471/2500), 241.46783447265625, 1387.1396992621214
2024-04-16 16:41:03 INFO     train: 0 (1479/2500), 490.4607849121094, 1381.1108236983016
2024-04-16 16:42:32 INFO     train: 0 (1487/2500), 320.61090087890625, 1375.2469487959338
2024-04-16 16:44:00 INFO     train: 0 (1495/2500), 197.7205810546875, 1369.409842598247
2024-04-16 16:45:29 INFO     train: 0 (1503/2500), 181.11788940429688, 1363.4227436451201
2024-04-16 16:46:58 INFO     train: 0 (1511/2500), 215.07867431640625, 1357.6840637751989
2024-04-16 16:48:27 INFO     train: 0 (1519/2500), 189.0089111328125, 1351.926907780296
2024-04-16 16:49:56 INFO     train: 0 (1527/2500), 434.7294616699219, 1346.715267820508
2024-04-16 16:51:24 INFO     train: 0 (1535/2500), 148.21734619140625, 1341.6040672063828
2024-04-16 16:52:53 INFO     train: 0 (1543/2500), 379.400634765625, 1336.0024414457805
2024-04-16 16:54:22 INFO     train: 0 (1551/2500), 245.3497772216797, 1330.5388446001662
2024-04-16 16:55:50 INFO     train: 0 (1559/2500), 298.59564208984375, 1325.1696457251523
2024-04-16 16:57:19 INFO     train: 0 (1567/2500), 412.28668212890625, 1320.180614447107
2024-04-16 16:58:48 INFO     train: 0 (1575/2500), 275.36529541015625, 1315.0784195691801
2024-04-16 17:00:16 INFO     train: 0 (1583/2500), 304.774169921875, 1310.0118096139695
2024-04-16 17:01:45 INFO     train: 0 (1591/2500), 908.8726806640625, 1306.695350680519
2024-04-16 17:03:14 INFO     train: 0 (1599/2500), 346.41717529296875, 1301.9226257801056
2024-04-16 17:04:42 INFO     train: 0 (1607/2500), 349.57110595703125, 1296.8345996135504
2024-04-16 17:06:11 INFO     train: 0 (1615/2500), 279.36907958984375, 1291.7533943157384
2024-04-16 17:07:40 INFO     train: 0 (1623/2500), 175.61973571777344, 1286.7331244182117
2024-04-16 17:09:08 INFO     train: 0 (1631/2500), 289.6416320800781, 1281.5061589689815
2024-04-16 17:10:37 INFO     train: 0 (1639/2500), 377.60540771484375, 1276.8157327233291
2024-04-16 17:12:05 INFO     train: 0 (1647/2500), 183.96673583984375, 1272.2156628358712
2024-04-16 17:13:34 INFO     train: 0 (1655/2500), 177.390380859375, 1267.1782492209172
2024-04-16 17:15:02 INFO     train: 0 (1663/2500), 193.17726135253906, 1262.3856108463729
2024-04-16 17:16:31 INFO     train: 0 (1671/2500), 154.18515014648438, 1257.691897405962
2024-04-16 17:17:59 INFO     train: 0 (1679/2500), 160.3572998046875, 1252.9914431072416
2024-04-16 17:19:28 INFO     train: 0 (1687/2500), 249.75900268554688, 1248.4842695805698
2024-04-16 17:20:57 INFO     train: 0 (1695/2500), 363.5613708496094, 1244.191411099344
2024-04-16 17:22:25 INFO     train: 0 (1703/2500), 835.5511474609375, 1240.0757166007315
2024-04-16 17:23:54 INFO     train: 0 (1711/2500), 176.01612854003906, 1235.5700047127555
2024-04-16 17:25:23 INFO     train: 0 (1719/2500), 677.473388671875, 1232.1395900371463
2024-04-16 17:26:52 INFO     train: 0 (1727/2500), 764.31640625, 1228.4404658476512
2024-04-16 17:28:20 INFO     train: 0 (1735/2500), 592.1571044921875, 1225.0911997078751
2024-04-16 17:29:49 INFO     train: 0 (1743/2500), 147.83026123046875, 1220.4238334183299
2024-04-16 17:31:18 INFO     train: 0 (1751/2500), 180.5987548828125, 1216.3646850847217
2024-04-16 17:32:46 INFO     train: 0 (1759/2500), 285.44317626953125, 1212.200122763894
2024-04-16 17:34:15 INFO     train: 0 (1767/2500), 196.21359252929688, 1208.6222479721
2024-04-16 17:35:43 INFO     train: 0 (1775/2500), 502.638671875, 1204.6776790361146
2024-04-16 17:37:12 INFO     train: 0 (1783/2500), 324.1925964355469, 1201.0285916007688
2024-04-16 17:38:40 INFO     train: 0 (1791/2500), 313.22698974609375, 1196.8964277591024
2024-04-16 17:40:09 INFO     train: 0 (1799/2500), 281.0872802734375, 1192.5813083987766
2024-04-16 17:41:38 INFO     train: 0 (1807/2500), 292.7868347167969, 1188.5123223161274
2024-04-16 17:43:06 INFO     train: 0 (1815/2500), 520.62744140625, 1184.4557230188984
2024-04-16 17:44:35 INFO     train: 0 (1823/2500), 407.4952697753906, 1180.3844177513793
2024-04-16 17:46:03 INFO     train: 0 (1831/2500), 189.85479736328125, 1176.4388383090757
2024-04-16 17:47:31 INFO     train: 0 (1839/2500), 181.19725036621094, 1172.6046659469605
2024-04-16 17:49:00 INFO     train: 0 (1847/2500), 209.38314819335938, 1168.4483224819232
2024-04-16 17:50:29 INFO     train: 0 (1855/2500), 141.77883911132812, 1164.5747411538814
2024-04-16 17:51:57 INFO     train: 0 (1863/2500), 241.9197998046875, 1161.479564634004
2024-04-16 17:53:25 INFO     train: 0 (1871/2500), 313.214599609375, 1157.5944101382524
2024-04-16 17:54:54 INFO     train: 0 (1879/2500), 874.6221923828125, 1154.5159826400431
2024-04-16 17:56:23 INFO     train: 0 (1887/2500), 443.3652648925781, 1150.6935026039512
2024-04-16 17:57:51 INFO     train: 0 (1895/2500), 477.5367736816406, 1147.1843730347066
2024-04-16 17:59:19 INFO     train: 0 (1903/2500), 495.83551025390625, 1143.5252291495058
2024-04-16 18:00:48 INFO     train: 0 (1911/2500), 1008.5260009765625, 1140.1737060068042
2024-04-16 18:02:16 INFO     train: 0 (1919/2500), 740.3436279296875, 1136.8671988805136
2024-04-16 18:03:45 INFO     train: 0 (1927/2500), 183.48231506347656, 1133.3270980312616
2024-04-16 18:05:13 INFO     train: 0 (1935/2500), 191.012451171875, 1130.0922463629856
2024-04-16 18:06:42 INFO     train: 0 (1943/2500), 452.4062194824219, 1126.7017413559274
2024-04-16 18:08:10 INFO     train: 0 (1951/2500), 313.2770080566406, 1123.0413969305696
2024-04-16 18:09:39 INFO     train: 0 (1959/2500), 149.064453125, 1119.4499699923456
2024-04-16 18:11:07 INFO     train: 0 (1967/2500), 153.39645385742188, 1115.8524434585881
2024-04-16 18:12:36 INFO     train: 0 (1975/2500), 544.4747924804688, 1112.4434256186853
2024-04-16 18:14:04 INFO     train: 0 (1983/2500), 243.75527954101562, 1109.24576693581
2024-04-16 18:15:32 INFO     train: 0 (1991/2500), 520.1009521484375, 1106.0175735481293
2024-04-16 18:17:01 INFO     train: 0 (1999/2500), 811.21435546875, 1103.440246219635
2024-04-16 18:18:29 INFO     train: 0 (2007/2500), 268.9224853515625, 1100.4878324569459
2024-04-16 18:19:57 INFO     train: 0 (2015/2500), 199.462158203125, 1096.999139358127
2024-04-16 18:21:26 INFO     train: 0 (2023/2500), 229.28770446777344, 1094.4364366531372
2024-04-16 18:22:54 INFO     train: 0 (2031/2500), 317.25250244140625, 1091.4946892993657
2024-04-16 18:24:23 INFO     train: 0 (2039/2500), 454.88079833984375, 1088.2018763261683
2024-04-16 18:25:51 INFO     train: 0 (2047/2500), 338.18865966796875, 1084.9200193323195
2024-04-16 18:27:19 INFO     train: 0 (2055/2500), 191.5091552734375, 1082.282282532421
2024-04-16 18:28:48 INFO     train: 0 (2063/2500), 147.15213012695312, 1079.0840697140657
2024-04-16 18:30:16 INFO     train: 0 (2071/2500), 377.759521484375, 1076.0115499791032
2024-04-16 18:31:44 INFO     train: 0 (2079/2500), 142.5353546142578, 1072.8019335196568
2024-04-16 18:33:12 INFO     train: 0 (2087/2500), 196.83786010742188, 1069.8114731741134
2024-04-16 18:34:41 INFO     train: 0 (2095/2500), 217.46124267578125, 1066.6002841687384
2024-04-16 18:36:09 INFO     train: 0 (2103/2500), 240.3180694580078, 1064.151868522847
2024-04-16 18:37:38 INFO     train: 0 (2111/2500), 246.81591796875, 1061.463649041725
2024-04-16 18:39:06 INFO     train: 0 (2119/2500), 435.81500244140625, 1058.863351749924
2024-04-16 18:40:35 INFO     train: 0 (2127/2500), 184.48648071289062, 1055.7701078859486
2024-04-16 18:42:03 INFO     train: 0 (2135/2500), 214.96177673339844, 1052.6996299586492
2024-04-16 18:43:31 INFO     train: 0 (2143/2500), 226.50411987304688, 1050.0342014085002
2024-04-16 18:45:00 INFO     train: 0 (2151/2500), 302.91558837890625, 1047.1898617301288
2024-04-16 18:46:29 INFO     train: 0 (2159/2500), 219.93194580078125, 1044.5472144303499
2024-04-16 18:47:57 INFO     train: 0 (2167/2500), 160.33970642089844, 1041.7449358486163
2024-04-16 18:49:25 INFO     train: 0 (2175/2500), 136.39175415039062, 1038.7891228409374
2024-04-16 18:50:53 INFO     train: 0 (2183/2500), 159.7520751953125, 1035.6930660555215
2024-04-16 18:52:22 INFO     train: 0 (2191/2500), 148.39370727539062, 1033.0252052571652
2024-04-16 18:53:50 INFO     train: 0 (2199/2500), 258.6663818359375, 1030.500674493963
2024-04-16 18:55:18 INFO     train: 0 (2207/2500), 278.2307434082031, 1028.2018862254379
2024-04-16 18:56:47 INFO     train: 0 (2215/2500), 211.07334899902344, 1025.6330419223661
2024-04-16 18:58:15 INFO     train: 0 (2223/2500), 239.87295532226562, 1022.7014635175252
2024-04-16 18:59:43 INFO     train: 0 (2231/2500), 563.2159423828125, 1020.0102731198821
2024-04-16 19:01:12 INFO     train: 0 (2239/2500), 314.677978515625, 1017.4480610881533
2024-04-16 19:02:40 INFO     train: 0 (2247/2500), 195.83078002929688, 1014.5874574803797
2024-04-16 19:04:09 INFO     train: 0 (2255/2500), 114.05950164794922, 1012.2725217731287
2024-04-16 19:05:37 INFO     train: 0 (2263/2500), 189.9360809326172, 1009.7060064140562
2024-04-16 19:07:05 INFO     train: 0 (2271/2500), 224.83450317382812, 1007.0216704926021
2024-04-16 19:08:34 INFO     train: 0 (2279/2500), 376.4273681640625, 1004.5329014995642
2024-04-16 19:10:02 INFO     train: 0 (2287/2500), 210.76333618164062, 1002.3413837506221
2024-04-16 19:11:30 INFO     train: 0 (2295/2500), 595.3790283203125, 1000.2017504030819
2024-04-16 19:12:59 INFO     train: 0 (2303/2500), 289.1251220703125, 997.5449378523562
2024-04-16 19:14:27 INFO     train: 0 (2311/2500), 199.426513671875, 994.9989017466772
2024-04-16 19:15:56 INFO     train: 0 (2319/2500), 221.146484375, 992.620722524051
2024-04-16 19:17:24 INFO     train: 0 (2327/2500), 168.22314453125, 990.0474457593308
2024-04-16 19:18:52 INFO     train: 0 (2335/2500), 189.2896270751953, 987.4238446607982
2024-04-16 19:20:21 INFO     train: 0 (2343/2500), 411.68170166015625, 984.9855321389416
2024-04-16 19:21:49 INFO     train: 0 (2351/2500), 208.28506469726562, 982.3376027678146
2024-04-16 19:23:17 INFO     train: 0 (2359/2500), 228.22573852539062, 979.9981534311327
2024-04-16 19:24:46 INFO     train: 0 (2367/2500), 778.8832397460938, 977.8408697585802
2024-04-16 19:26:14 INFO     train: 0 (2375/2500), 184.92117309570312, 975.6337087836731
2024-04-16 19:27:42 INFO     train: 0 (2383/2500), 275.91326904296875, 973.2497754289
2024-04-16 19:29:11 INFO     train: 0 (2391/2500), 238.05648803710938, 971.1936191284537
2024-04-16 19:30:39 INFO     train: 0 (2399/2500), 210.15699768066406, 969.4105395921072
2024-04-16 19:32:08 INFO     train: 0 (2407/2500), 254.9298095703125, 967.2531932849821
2024-04-16 19:33:36 INFO     train: 0 (2415/2500), 478.95892333984375, 964.8939103101263
2024-04-16 19:35:05 INFO     train: 0 (2423/2500), 736.6031494140625, 962.8578277783032
2024-04-16 19:36:33 INFO     train: 0 (2431/2500), 125.69921112060547, 960.7683089406867
2024-04-16 19:38:01 INFO     train: 0 (2439/2500), 286.80059814453125, 958.6080246284359
2024-04-16 19:39:29 INFO     train: 0 (2447/2500), 272.06146240234375, 956.5168977438235
2024-04-16 19:40:58 INFO     train: 0 (2455/2500), 143.44818115234375, 954.4860768644352
2024-04-16 19:42:26 INFO     train: 0 (2463/2500), 190.22218322753906, 952.2887813828208
2024-04-16 19:43:54 INFO     train: 0 (2471/2500), 157.82501220703125, 950.0451703735154
2024-04-16 19:45:23 INFO     train: 0 (2479/2500), 513.038330078125, 947.9480354401373
2024-04-16 19:46:51 INFO     train: 0 (2487/2500), 349.76788330078125, 946.6491633136172
2024-04-16 19:48:20 INFO     train: 0 (2495/2500), 239.88211059570312, 944.2950485944748
2024-04-16 19:51:23 INFO     val: 0, 62.3543900680542, 61.001383514404296
2024-04-16 19:53:13 INFO     test: 0, 100.60869312286377, 98.73182191848755
2024-04-16 19:54:50 INFO     train: 1 (7/2500), 164.89842224121094, 125.16941356658936
2024-04-16 19:56:17 INFO     train: 1 (15/2500), 172.7439727783203, 157.65543794631958
2024-04-16 19:57:45 INFO     train: 1 (23/2500), 148.7789764404297, 153.58810106913248
2024-04-16 19:59:12 INFO     train: 1 (31/2500), 131.41024780273438, 152.35514450073242
2024-04-16 20:00:40 INFO     train: 1 (39/2500), 114.1129379272461, 173.644362449646
2024-04-16 20:02:08 INFO     train: 1 (47/2500), 70.37419128417969, 166.75569740931192
2024-04-16 20:03:35 INFO     train: 1 (55/2500), 131.86026000976562, 159.90014375959123
2024-04-16 20:05:03 INFO     train: 1 (63/2500), 117.46480560302734, 155.41739058494568
2024-04-16 20:06:30 INFO     train: 1 (71/2500), 216.30731201171875, 167.94978872934976
2024-04-16 20:07:58 INFO     train: 1 (79/2500), 98.58541870117188, 169.16569862365722
2024-04-16 20:09:25 INFO     train: 1 (87/2500), 344.42559814453125, 166.34796567396685
2024-04-16 20:10:53 INFO     train: 1 (95/2500), 73.87970733642578, 165.579061905543
2024-04-16 20:12:20 INFO     train: 1 (103/2500), 151.29580688476562, 161.1064602778508
2024-04-16 20:13:48 INFO     train: 1 (111/2500), 186.7242431640625, 161.27341760907854
2024-04-16 20:15:15 INFO     train: 1 (119/2500), 84.6346664428711, 157.69445050557454
2024-04-16 20:16:43 INFO     train: 1 (127/2500), 140.259033203125, 159.0998089313507
2024-04-16 20:18:10 INFO     train: 1 (135/2500), 126.60812377929688, 158.94329575931326
2024-04-16 20:19:38 INFO     train: 1 (143/2500), 131.91067504882812, 160.5898191663954
2024-04-16 20:21:05 INFO     train: 1 (151/2500), 139.17047119140625, 165.06109478599146
2024-04-16 20:22:33 INFO     train: 1 (159/2500), 295.94427490234375, 172.21553983688355
2024-04-16 20:24:00 INFO     train: 1 (167/2500), 116.11051940917969, 175.3449385960897
2024-04-16 20:25:28 INFO     train: 1 (175/2500), 177.33462524414062, 174.5477707602761
2024-04-16 20:26:55 INFO     train: 1 (183/2500), 142.01841735839844, 174.73888181603473
2024-04-16 20:28:22 INFO     train: 1 (191/2500), 89.79064178466797, 174.83063201109567
2024-04-16 20:29:50 INFO     train: 1 (199/2500), 88.7184066772461, 180.52115760803224
2024-04-16 20:31:17 INFO     train: 1 (207/2500), 130.7340850830078, 178.53972482681274
2024-04-16 20:32:45 INFO     train: 1 (215/2500), 125.35730743408203, 176.6192810623734
2024-04-16 20:34:12 INFO     train: 1 (223/2500), 103.89544677734375, 176.89881794793266
2024-04-16 20:35:40 INFO     train: 1 (231/2500), 111.90028381347656, 177.94482967771333
2024-04-16 20:37:07 INFO     train: 1 (239/2500), 183.20762634277344, 179.23292977015177
2024-04-16 20:38:35 INFO     train: 1 (247/2500), 544.1341552734375, 179.22301664660054
2024-04-16 20:40:02 INFO     train: 1 (255/2500), 75.449951171875, 177.62655651569366
2024-04-16 20:41:30 INFO     train: 1 (263/2500), 128.88577270507812, 177.96867122072163
2024-04-16 20:42:57 INFO     train: 1 (271/2500), 169.01022338867188, 180.41041093714097
2024-04-16 20:44:25 INFO     train: 1 (279/2500), 124.44354248046875, 179.40623092651367
2024-04-16 20:45:52 INFO     train: 1 (287/2500), 120.87358093261719, 179.70618364546033
2024-04-16 20:47:20 INFO     train: 1 (295/2500), 109.59850311279297, 179.11040453008704
2024-04-16 20:48:47 INFO     train: 1 (303/2500), 110.87761688232422, 177.6124140086927
2024-04-16 20:50:15 INFO     train: 1 (311/2500), 241.706787109375, 178.21189112541003
2024-04-16 20:51:42 INFO     train: 1 (319/2500), 477.2489013671875, 180.69491860866546
2024-04-16 20:53:10 INFO     train: 1 (327/2500), 182.11141967773438, 179.16367723883653
2024-04-16 20:54:37 INFO     train: 1 (335/2500), 102.07359313964844, 178.68545093990508
2024-04-16 20:56:05 INFO     train: 1 (343/2500), 167.49374389648438, 177.29257807620735
2024-04-16 20:57:32 INFO     train: 1 (351/2500), 144.9266815185547, 176.4061633240093
2024-04-16 20:59:00 INFO     train: 1 (359/2500), 102.33428955078125, 176.33426767985026
2024-04-16 21:00:27 INFO     train: 1 (367/2500), 62.226070404052734, 175.74902680645818
2024-04-16 21:01:55 INFO     train: 1 (375/2500), 310.3540954589844, 177.39167673029797
2024-04-16 21:03:22 INFO     train: 1 (383/2500), 402.4345703125, 177.8294353981813
2024-04-16 21:04:50 INFO     train: 1 (391/2500), 216.9597930908203, 179.89110192474052
2024-04-16 21:06:17 INFO     train: 1 (399/2500), 323.30194091796875, 183.29138123512269
2024-04-16 21:07:45 INFO     train: 1 (407/2500), 185.3026123046875, 183.25972051246492
2024-04-16 21:09:12 INFO     train: 1 (415/2500), 148.88262939453125, 188.1023350403859
2024-04-16 21:10:40 INFO     train: 1 (423/2500), 356.5784606933594, 189.15022410086866
2024-04-16 21:12:07 INFO     train: 1 (431/2500), 169.17486572265625, 189.90429238036828
2024-04-16 21:13:35 INFO     train: 1 (439/2500), 143.86013793945312, 192.26902901909568
2024-04-16 21:15:02 INFO     train: 1 (447/2500), 135.72779846191406, 193.0244785632406
2024-04-16 21:16:30 INFO     train: 1 (455/2500), 94.19436645507812, 192.40722130056014
2024-04-16 21:17:57 INFO     train: 1 (463/2500), 119.24186706542969, 191.97840513854192
2024-04-16 21:19:25 INFO     train: 1 (471/2500), 214.80003356933594, 191.683807300309
2024-04-16 21:20:52 INFO     train: 1 (479/2500), 159.07266235351562, 191.07392456531525
2024-04-16 21:22:20 INFO     train: 1 (487/2500), 84.07479858398438, 189.92722557411818
2024-04-16 21:23:47 INFO     train: 1 (495/2500), 77.49760437011719, 189.85877073964764
2024-04-16 21:25:15 INFO     train: 1 (503/2500), 662.0408935546875, 190.50139946407742
2024-04-16 21:26:43 INFO     train: 1 (511/2500), 233.08795166015625, 196.74766705930233
2024-04-16 21:28:10 INFO     train: 1 (519/2500), 131.01419067382812, 197.34054825122539
2024-04-16 21:29:39 INFO     train: 1 (527/2500), 128.27029418945312, 197.99213379079646
2024-04-16 21:31:07 INFO     train: 1 (535/2500), 187.83721923828125, 198.23835772898659
2024-04-16 21:32:35 INFO     train: 1 (543/2500), 344.00006103515625, 199.25200028980478
2024-04-16 21:34:02 INFO     train: 1 (551/2500), 233.90792846679688, 200.08337190876836
2024-04-16 21:35:30 INFO     train: 1 (559/2500), 157.082763671875, 200.3859787940979
2024-04-16 21:36:58 INFO     train: 1 (567/2500), 273.3249206542969, 201.29707007340983
2024-04-16 21:38:26 INFO     train: 1 (575/2500), 165.4259033203125, 202.39132371213702
2024-04-16 21:39:54 INFO     train: 1 (583/2500), 239.66436767578125, 202.69642522890274
2024-04-16 21:41:22 INFO     train: 1 (591/2500), 232.72396850585938, 204.45967853391494
2024-04-16 21:42:51 INFO     train: 1 (599/2500), 179.23397827148438, 205.1598657099406
2024-04-16 21:44:19 INFO     train: 1 (607/2500), 120.26730346679688, 207.15694330867967
2024-04-16 21:45:47 INFO     train: 1 (615/2500), 191.39552307128906, 207.15803088151014
2024-04-16 21:47:15 INFO     train: 1 (623/2500), 207.59791564941406, 207.9484417132842
2024-04-16 21:48:43 INFO     train: 1 (631/2500), 168.05079650878906, 207.36658457261098
2024-04-16 21:50:11 INFO     train: 1 (639/2500), 323.8748779296875, 208.1382966160774
2024-04-16 21:51:39 INFO     train: 1 (647/2500), 331.15576171875, 207.87698726889528
2024-04-16 21:53:07 INFO     train: 1 (655/2500), 236.8895721435547, 209.8195448270658
2024-04-16 21:54:34 INFO     train: 1 (663/2500), 139.68984985351562, 210.04572416788125
2024-04-16 21:56:02 INFO     train: 1 (671/2500), 468.76708984375, 210.26826898256937
2024-04-16 21:57:30 INFO     train: 1 (679/2500), 237.65028381347656, 212.0283742568072
2024-04-16 21:58:57 INFO     train: 1 (687/2500), 272.5621032714844, 212.45495530061945
2024-04-16 22:00:25 INFO     train: 1 (695/2500), 182.99429321289062, 212.22080357869467
2024-04-16 22:01:52 INFO     train: 1 (703/2500), 132.1815185546875, 211.72067530588672
2024-04-16 22:03:20 INFO     train: 1 (711/2500), 1376.5474853515625, 214.0228177295642
2024-04-16 22:04:47 INFO     train: 1 (719/2500), 157.28433227539062, 215.05742222468058
2024-04-16 22:06:15 INFO     train: 1 (727/2500), 158.28500366210938, 215.0718306551923
2024-04-16 22:07:43 INFO     train: 1 (735/2500), 337.7066650390625, 214.94941800573596
2024-04-16 22:09:10 INFO     train: 1 (743/2500), 327.428466796875, 215.43201931574012
2024-04-16 22:10:38 INFO     train: 1 (751/2500), 185.0756378173828, 215.28970914191387
2024-04-16 22:12:05 INFO     train: 1 (759/2500), 179.64492797851562, 215.53033608888325
2024-04-16 22:13:33 INFO     train: 1 (767/2500), 172.78860473632812, 215.76795183618864
2024-04-16 22:15:00 INFO     train: 1 (775/2500), 187.63656616210938, 215.9950354566279
2024-04-16 22:16:28 INFO     train: 1 (783/2500), 166.4390869140625, 216.38457511395825
2024-04-16 22:17:56 INFO     train: 1 (791/2500), 190.4016571044922, 216.97546243185948
2024-04-16 22:19:23 INFO     train: 1 (799/2500), 284.392822265625, 217.5842889690399
2024-04-16 22:20:51 INFO     train: 1 (807/2500), 158.7335662841797, 218.88203321589103
2024-04-16 22:22:18 INFO     train: 1 (815/2500), 263.12579345703125, 219.05605223599602
2024-04-16 22:23:46 INFO     train: 1 (823/2500), 385.61541748046875, 218.72604712699223
2024-04-16 22:25:13 INFO     train: 1 (831/2500), 186.30609130859375, 219.07482810203845
2024-04-16 22:26:41 INFO     train: 1 (839/2500), 166.76907348632812, 218.84137979234967
2024-04-16 22:28:09 INFO     train: 1 (847/2500), 219.19163513183594, 219.03145129725618
2024-04-16 22:29:36 INFO     train: 1 (855/2500), 229.11981201171875, 218.8673872190101
2024-04-16 22:31:03 INFO     train: 1 (863/2500), 217.80133056640625, 218.63047466454682
2024-04-16 22:32:31 INFO     train: 1 (871/2500), 104.31309509277344, 219.09804803515792
2024-04-16 22:33:58 INFO     train: 1 (879/2500), 1109.37646484375, 220.53702653538096
2024-04-16 22:35:26 INFO     train: 1 (887/2500), 412.04693603515625, 221.14246486113953
2024-04-16 22:36:53 INFO     train: 1 (895/2500), 330.9566955566406, 222.0951448082924
2024-04-16 22:38:21 INFO     train: 1 (903/2500), 437.9765625, 222.19389136491623
2024-04-16 22:39:49 INFO     train: 1 (911/2500), 192.82391357421875, 222.04945984221342
2024-04-16 22:41:16 INFO     train: 1 (919/2500), 115.73933410644531, 221.6407049925431
2024-04-16 22:42:44 INFO     train: 1 (927/2500), 170.294677734375, 221.37825484111391
2024-04-16 22:44:11 INFO     train: 1 (935/2500), 102.86245727539062, 222.2214301508716
2024-04-16 22:45:39 INFO     train: 1 (943/2500), 494.3973388671875, 223.61111099437133
2024-04-16 22:47:06 INFO     train: 1 (951/2500), 320.7612609863281, 223.74485171342096
2024-04-16 22:48:34 INFO     train: 1 (959/2500), 182.3056640625, 224.01187162399293
2024-04-16 22:50:01 INFO     train: 1 (967/2500), 167.84951782226562, 224.06367962419495
2024-04-16 22:51:29 INFO     train: 1 (975/2500), 155.497314453125, 223.73723129366266
2024-04-16 22:52:56 INFO     train: 1 (983/2500), 128.37435913085938, 224.8618038534149
2024-04-16 22:54:24 INFO     train: 1 (991/2500), 116.82215118408203, 224.7651065549543
2024-04-16 22:55:51 INFO     train: 1 (999/2500), 107.35209655761719, 224.5843882446289
2024-04-16 22:57:19 INFO     train: 1 (1007/2500), 104.00284576416016, 224.1759009891086
2024-04-16 22:58:46 INFO     train: 1 (1015/2500), 153.92422485351562, 224.21900738693597
2024-04-16 23:00:14 INFO     train: 1 (1023/2500), 212.23597717285156, 225.14299453794956
2024-04-16 23:01:41 INFO     train: 1 (1031/2500), 154.8474884033203, 225.16321662784546
2024-04-16 23:03:09 INFO     train: 1 (1039/2500), 313.79559326171875, 227.04322985135593
2024-04-16 23:04:36 INFO     train: 1 (1047/2500), 171.0406494140625, 228.11292229717924
2024-04-16 23:06:04 INFO     train: 1 (1055/2500), 157.02163696289062, 227.7903611876748
2024-04-16 23:07:31 INFO     train: 1 (1063/2500), 190.83628845214844, 227.84842960099527
2024-04-16 23:08:59 INFO     train: 1 (1071/2500), 175.43228149414062, 228.18046339234309
2024-04-16 23:10:26 INFO     train: 1 (1079/2500), 258.99566650390625, 228.2552434709337
2024-04-16 23:11:54 INFO     train: 1 (1087/2500), 171.9996337890625, 228.8488622973947
2024-04-16 23:13:21 INFO     train: 1 (1095/2500), 160.43743896484375, 228.6060711380339
2024-04-16 23:14:49 INFO     train: 1 (1103/2500), 331.53680419921875, 228.7250924870588
2024-04-16 23:16:16 INFO     train: 1 (1111/2500), 262.43182373046875, 228.5837447351689
2024-04-16 23:17:44 INFO     train: 1 (1119/2500), 389.47802734375, 229.07319840022495
2024-04-16 23:19:11 INFO     train: 1 (1127/2500), 229.58724975585938, 228.75287626144734
2024-04-16 23:20:39 INFO     train: 1 (1135/2500), 362.056396484375, 229.7756559277924
2024-04-16 23:22:06 INFO     train: 1 (1143/2500), 305.2573547363281, 229.8505285169695
2024-04-16 23:23:34 INFO     train: 1 (1151/2500), 307.45599365234375, 230.04141143957773
2024-04-16 23:25:01 INFO     train: 1 (1159/2500), 336.37060546875, 229.83236391133275
2024-04-16 23:26:29 INFO     train: 1 (1167/2500), 427.59954833984375, 229.73269949873833
2024-04-16 23:27:56 INFO     train: 1 (1175/2500), 2743.23193359375, 231.93894440138422
2024-04-16 23:29:24 INFO     train: 1 (1183/2500), 274.119140625, 232.3423013880446
2024-04-16 23:30:51 INFO     train: 1 (1191/2500), 233.66180419921875, 232.82001709778038
2024-04-16 23:32:19 INFO     train: 1 (1199/2500), 167.91647338867188, 232.92864302953083
2024-04-16 23:33:46 INFO     train: 1 (1207/2500), 178.59230041503906, 232.60861643734358
2024-04-16 23:35:14 INFO     train: 1 (1215/2500), 229.48777770996094, 232.81983672317705
2024-04-16 23:36:41 INFO     train: 1 (1223/2500), 266.248046875, 232.6029762816585
2024-04-16 23:38:09 INFO     train: 1 (1231/2500), 157.83853149414062, 232.07907059904818
2024-04-16 23:39:36 INFO     train: 1 (1239/2500), 194.0712890625, 231.7387311135569
2024-04-16 23:41:04 INFO     train: 1 (1247/2500), 581.7772827148438, 231.98957091111404
2024-04-16 23:42:31 INFO     train: 1 (1255/2500), 187.21377563476562, 232.0515844077821
2024-04-16 23:43:59 INFO     train: 1 (1263/2500), 233.60935974121094, 231.97161134285264
2024-04-16 23:45:26 INFO     train: 1 (1271/2500), 110.07707214355469, 232.03065443938632
2024-04-16 23:46:54 INFO     train: 1 (1279/2500), 230.58810424804688, 232.29038103818894
2024-04-16 23:48:21 INFO     train: 1 (1287/2500), 181.6934814453125, 232.28140263527817
2024-04-16 23:49:49 INFO     train: 1 (1295/2500), 172.97244262695312, 233.16326772430796
2024-04-16 23:51:16 INFO     train: 1 (1303/2500), 612.906494140625, 233.31590851391752
2024-04-16 23:52:44 INFO     train: 1 (1311/2500), 415.15997314453125, 233.34111713200082
2024-04-16 23:54:11 INFO     train: 1 (1319/2500), 204.51211547851562, 233.0870715343591
2024-04-16 23:55:39 INFO     train: 1 (1327/2500), 393.5460510253906, 233.6197187182415
2024-04-16 23:57:06 INFO     train: 1 (1335/2500), 944.817138671875, 234.59280266447695
2024-04-16 23:58:33 INFO     train: 1 (1343/2500), 401.8403625488281, 234.70805467878068
2024-04-17 00:00:01 INFO     train: 1 (1351/2500), 271.304443359375, 235.50008086481037
2024-04-17 00:01:28 INFO     train: 1 (1359/2500), 144.88137817382812, 235.8613878586713
2024-04-17 00:02:56 INFO     train: 1 (1367/2500), 179.0008544921875, 236.1522641600224
2024-04-17 00:04:23 INFO     train: 1 (1375/2500), 138.10153198242188, 236.149315651073
2024-04-17 00:05:51 INFO     train: 1 (1383/2500), 258.88201904296875, 236.45805350617866
2024-04-17 00:07:18 INFO     train: 1 (1391/2500), 193.5341796875, 236.58692039292436
2024-04-17 00:08:46 INFO     train: 1 (1399/2500), 276.4339599609375, 236.40281170436313
2024-04-17 00:10:13 INFO     train: 1 (1407/2500), 80.86248779296875, 236.7934359853918
2024-04-17 00:11:41 INFO     train: 1 (1415/2500), 87.64327239990234, 237.0715527453665
2024-04-17 00:13:08 INFO     train: 1 (1423/2500), 309.68096923828125, 236.87062878555128
2024-04-17 00:14:35 INFO     train: 1 (1431/2500), 122.2862548828125, 237.1293172143691
2024-04-17 00:16:03 INFO     train: 1 (1439/2500), 78.32817077636719, 237.14111901389228
2024-04-17 00:17:31 INFO     train: 1 (1447/2500), 187.4619598388672, 236.8507860826524
2024-04-17 00:18:58 INFO     train: 1 (1455/2500), 390.2365417480469, 236.79933463086138
2024-04-17 00:20:25 INFO     train: 1 (1463/2500), 508.60455322265625, 237.62217473723197
2024-04-17 00:21:53 INFO     train: 1 (1471/2500), 187.32867431640625, 237.84367973908135
2024-04-17 00:23:21 INFO     train: 1 (1479/2500), 414.4117431640625, 237.679095984794
2024-04-17 00:24:48 INFO     train: 1 (1487/2500), 260.1546630859375, 237.6579133772081
2024-04-17 00:26:15 INFO     train: 1 (1495/2500), 144.1141357421875, 237.61331277225108
2024-04-17 00:27:43 INFO     train: 1 (1503/2500), 127.92269897460938, 237.34911118669712
2024-04-17 00:29:10 INFO     train: 1 (1511/2500), 167.73960876464844, 237.28097012434057
2024-04-17 00:30:38 INFO     train: 1 (1519/2500), 139.86077880859375, 237.1584974088167
2024-04-17 00:32:05 INFO     train: 1 (1527/2500), 369.21929931640625, 237.4624498577018
2024-04-17 00:33:33 INFO     train: 1 (1535/2500), 96.54440307617188, 237.81005944808325
2024-04-17 00:35:00 INFO     train: 1 (1543/2500), 329.6108093261719, 237.63236847319135
2024-04-17 00:36:28 INFO     train: 1 (1551/2500), 195.81008911132812, 237.51512601203524
2024-04-17 00:37:56 INFO     train: 1 (1559/2500), 241.2733612060547, 237.45789993970823
2024-04-17 00:39:23 INFO     train: 1 (1567/2500), 349.15264892578125, 237.72268631506938
2024-04-17 00:40:51 INFO     train: 1 (1575/2500), 229.9166259765625, 237.85773235166133
2024-04-17 00:42:19 INFO     train: 1 (1583/2500), 254.8856201171875, 237.94505509944878
2024-04-17 00:43:46 INFO     train: 1 (1591/2500), 844.1022338867188, 239.7540124816511
2024-04-17 00:45:14 INFO     train: 1 (1599/2500), 311.44708251953125, 240.10345358371734
2024-04-17 00:46:41 INFO     train: 1 (1607/2500), 295.9177551269531, 240.03494159736442
2024-04-17 00:48:09 INFO     train: 1 (1615/2500), 232.16201782226562, 239.95510431327443
2024-04-17 00:49:37 INFO     train: 1 (1623/2500), 121.28482055664062, 239.9045894463074
2024-04-17 00:51:04 INFO     train: 1 (1631/2500), 267.8261413574219, 239.60798940939063
2024-04-17 00:52:32 INFO     train: 1 (1639/2500), 336.68115234375, 239.79335276906085
2024-04-17 00:54:00 INFO     train: 1 (1647/2500), 138.55686950683594, 240.02821823231224
2024-04-17 00:55:27 INFO     train: 1 (1655/2500), 146.43167114257812, 239.76506687938303
2024-04-17 00:56:55 INFO     train: 1 (1663/2500), 123.96134185791016, 239.62475520830887
2024-04-17 00:58:23 INFO     train: 1 (1671/2500), 104.47920989990234, 239.58429044969915
2024-04-17 00:59:50 INFO     train: 1 (1679/2500), 118.46461486816406, 239.5202930768331
2024-04-17 01:01:18 INFO     train: 1 (1687/2500), 205.32269287109375, 239.5992454375136
2024-04-17 01:02:46 INFO     train: 1 (1695/2500), 313.1074523925781, 239.83984999836616
2024-04-17 01:04:14 INFO     train: 1 (1703/2500), 780.6368408203125, 240.20380710995812
2024-04-17 01:05:41 INFO     train: 1 (1711/2500), 130.76829528808594, 240.1639897489102
2024-04-17 01:07:09 INFO     train: 1 (1719/2500), 626.8751220703125, 241.16463839952337
2024-04-17 01:08:37 INFO     train: 1 (1727/2500), 715.9374389648438, 241.84983588589563
2024-04-17 01:10:04 INFO     train: 1 (1735/2500), 553.27197265625, 242.8515359948857
2024-04-17 01:11:32 INFO     train: 1 (1743/2500), 155.1076202392578, 242.57130254955467
2024-04-17 01:12:59 INFO     train: 1 (1751/2500), 169.888427734375, 242.86758271744262
2024-04-17 01:14:27 INFO     train: 1 (1759/2500), 245.71990966796875, 243.014885820042
2024-04-17 01:15:55 INFO     train: 1 (1767/2500), 204.91806030273438, 243.75259759738975
2024-04-17 01:17:23 INFO     train: 1 (1775/2500), 481.5546875, 244.14531495120073
2024-04-17 01:18:50 INFO     train: 1 (1783/2500), 426.1324768066406, 244.88162733941869
2024-04-17 01:20:18 INFO     train: 1 (1791/2500), 304.67132568359375, 245.10280626586504
2024-04-17 01:21:46 INFO     train: 1 (1799/2500), 248.29661560058594, 244.94915227678086
2024-04-17 01:23:13 INFO     train: 1 (1807/2500), 301.3802795410156, 245.08617520543325
2024-04-17 01:24:41 INFO     train: 1 (1815/2500), 518.56201171875, 245.16334275317087
2024-04-17 01:26:09 INFO     train: 1 (1823/2500), 362.42596435546875, 245.06154580283584
2024-04-17 01:27:36 INFO     train: 1 (1831/2500), 157.1587371826172, 245.04506261900522
2024-04-17 01:29:04 INFO     train: 1 (1839/2500), 176.78271484375, 245.13930823284647
2024-04-17 01:30:32 INFO     train: 1 (1847/2500), 196.5950927734375, 244.8997189616744
2024-04-17 01:31:59 INFO     train: 1 (1855/2500), 113.75169372558594, 244.88624231157632
2024-04-17 01:33:27 INFO     train: 1 (1863/2500), 202.3265838623047, 245.5776778495363
2024-04-17 01:34:55 INFO     train: 1 (1871/2500), 276.2362060546875, 245.4615430139069
2024-04-17 01:36:22 INFO     train: 1 (1879/2500), 846.8390502929688, 246.09198636399938
2024-04-17 01:37:50 INFO     train: 1 (1887/2500), 406.8833923339844, 245.9706208665492
2024-04-17 01:39:17 INFO     train: 1 (1895/2500), 441.0814208984375, 246.1091934799645
2024-04-17 01:40:45 INFO     train: 1 (1903/2500), 440.1283264160156, 246.05907232621138
2024-04-17 01:42:13 INFO     train: 1 (1911/2500), 968.4224853515625, 246.30999693611176
2024-04-17 01:43:40 INFO     train: 1 (1919/2500), 699.6293334960938, 246.56601924498875
2024-04-17 01:45:08 INFO     train: 1 (1927/2500), 144.3800048828125, 246.5601877354982
2024-04-17 01:46:36 INFO     train: 1 (1935/2500), 144.53988647460938, 246.82914478916769
2024-04-17 01:48:03 INFO     train: 1 (1943/2500), 425.2702331542969, 246.92875863298957
2024-04-17 01:49:31 INFO     train: 1 (1951/2500), 278.5621032714844, 246.73391766235477
2024-04-17 01:50:59 INFO     train: 1 (1959/2500), 112.44905090332031, 246.57117435688875
2024-04-17 01:52:26 INFO     train: 1 (1967/2500), 113.81394958496094, 246.37255505042347
2024-04-17 01:53:54 INFO     train: 1 (1975/2500), 515.9173583984375, 246.36265328442036
2024-04-17 01:55:21 INFO     train: 1 (1983/2500), 207.76426696777344, 246.51413609520083
2024-04-17 01:56:49 INFO     train: 1 (1991/2500), 477.0754089355469, 246.6037806890097
2024-04-17 01:58:17 INFO     train: 1 (1999/2500), 767.6759033203125, 247.30729878234862
2024-04-17 01:59:44 INFO     train: 1 (2007/2500), 236.90235900878906, 247.62108098748195
2024-04-17 02:01:12 INFO     train: 1 (2015/2500), 151.6083984375, 247.37172001127212
2024-04-17 02:02:40 INFO     train: 1 (2023/2500), 201.15211486816406, 248.03719541677845
2024-04-17 02:04:07 INFO     train: 1 (2031/2500), 285.5337219238281, 248.3032385983805
2024-04-17 02:05:35 INFO     train: 1 (2039/2500), 417.13848876953125, 248.19075199949975
2024-04-17 02:07:03 INFO     train: 1 (2047/2500), 301.2110595703125, 248.04924923926592
2024-04-17 02:08:30 INFO     train: 1 (2055/2500), 161.74244689941406, 248.54206762054088
2024-04-17 02:09:58 INFO     train: 1 (2063/2500), 125.33698272705078, 248.45917145411173
2024-04-17 02:11:26 INFO     train: 1 (2071/2500), 350.40325927734375, 248.4549671857974
2024-04-17 02:12:53 INFO     train: 1 (2079/2500), 112.40151977539062, 248.31496356450594
2024-04-17 02:14:21 INFO     train: 1 (2087/2500), 139.9530792236328, 248.3429387739335
2024-04-17 02:15:48 INFO     train: 1 (2095/2500), 183.82177734375, 248.1372994539392
2024-04-17 02:17:16 INFO     train: 1 (2103/2500), 202.5091552734375, 248.665717309872
2024-04-17 02:18:44 INFO     train: 1 (2111/2500), 223.79193115234375, 248.9538719328967
2024-04-17 02:20:11 INFO     train: 1 (2119/2500), 406.96331787109375, 249.3046274257156
2024-04-17 02:21:39 INFO     train: 1 (2127/2500), 150.75439453125, 249.13321097811362
2024-04-17 02:23:07 INFO     train: 1 (2135/2500), 183.5087890625, 248.9631763343954
2024-04-17 02:24:34 INFO     train: 1 (2143/2500), 191.17138671875, 249.17027412599592
2024-04-17 02:26:02 INFO     train: 1 (2151/2500), 265.85345458984375, 249.17664823567557
2024-04-17 02:27:30 INFO     train: 1 (2159/2500), 189.5139617919922, 249.37563530250833
2024-04-17 02:28:57 INFO     train: 1 (2167/2500), 130.8893280029297, 249.39409241553162
2024-04-17 02:30:25 INFO     train: 1 (2175/2500), 107.83114624023438, 249.25342913936166
2024-04-17 02:31:52 INFO     train: 1 (2183/2500), 135.73660278320312, 248.94877316401556
2024-04-17 02:33:20 INFO     train: 1 (2191/2500), 113.90733337402344, 249.04056071538994
2024-04-17 02:34:47 INFO     train: 1 (2199/2500), 230.48532104492188, 249.24605146928266
2024-04-17 02:36:15 INFO     train: 1 (2207/2500), 248.3811798095703, 249.66433435937634
2024-04-17 02:37:43 INFO     train: 1 (2215/2500), 186.53622436523438, 249.79739574749118
2024-04-17 02:39:10 INFO     train: 1 (2223/2500), 216.73715209960938, 249.55629343952205
2024-04-17 02:40:38 INFO     train: 1 (2231/2500), 537.6962890625, 249.53166751109572
2024-04-17 02:42:06 INFO     train: 1 (2239/2500), 288.1876220703125, 249.62015291622706
2024-04-17 02:43:33 INFO     train: 1 (2247/2500), 164.4947052001953, 249.39798752862788
2024-04-17 02:45:01 INFO     train: 1 (2255/2500), 85.28777313232422, 249.69674240612815
2024-04-17 02:46:28 INFO     train: 1 (2263/2500), 166.8114013671875, 249.72612865232327
2024-04-17 02:47:56 INFO     train: 1 (2271/2500), 201.5071563720703, 249.6237956805968
2024-04-17 02:49:24 INFO     train: 1 (2279/2500), 353.1810302734375, 249.69290469989443
2024-04-17 02:50:51 INFO     train: 1 (2287/2500), 178.8383026123047, 250.03941121801628
2024-04-17 02:52:19 INFO     train: 1 (2295/2500), 574.0006713867188, 250.43969885397456
2024-04-17 02:53:46 INFO     train: 1 (2303/2500), 269.9661865234375, 250.28853724400201
2024-04-17 02:55:14 INFO     train: 1 (2311/2500), 178.1392822265625, 250.2452242828158
2024-04-17 02:56:42 INFO     train: 1 (2319/2500), 192.74740600585938, 250.34012828695364
2024-04-17 02:58:09 INFO     train: 1 (2327/2500), 140.20693969726562, 250.23005214179915
2024-04-17 02:59:37 INFO     train: 1 (2335/2500), 161.68414306640625, 250.05060113619453
2024-04-17 03:01:04 INFO     train: 1 (2343/2500), 380.4029846191406, 250.02322029009613
2024-04-17 03:02:32 INFO     train: 1 (2351/2500), 176.12940979003906, 249.76553588659584
2024-04-17 03:04:00 INFO     train: 1 (2359/2500), 177.88882446289062, 249.7732549311751
2024-04-17 03:05:27 INFO     train: 1 (2367/2500), 741.5425415039062, 249.95561644193288
2024-04-17 03:06:55 INFO     train: 1 (2375/2500), 143.46133422851562, 250.03970550126098
2024-04-17 03:08:22 INFO     train: 1 (2383/2500), 237.5083465576172, 249.9644213362828
2024-04-17 03:09:50 INFO     train: 1 (2391/2500), 197.9178466796875, 250.2025118862905
2024-04-17 03:11:18 INFO     train: 1 (2399/2500), 178.778076171875, 250.66723121007283
2024-04-17 03:12:45 INFO     train: 1 (2407/2500), 241.17855834960938, 250.7961251204988
2024-04-17 03:14:13 INFO     train: 1 (2415/2500), 461.45855712890625, 250.72422490530457
2024-04-17 03:15:40 INFO     train: 1 (2423/2500), 713.9694213867188, 250.94805725651605
2024-04-17 03:17:08 INFO     train: 1 (2431/2500), 102.14917755126953, 251.10363922307366
2024-04-17 03:18:36 INFO     train: 1 (2439/2500), 262.7161560058594, 251.180708710092
2024-04-17 03:20:03 INFO     train: 1 (2447/2500), 237.47409057617188, 251.31607105529386
2024-04-17 03:21:31 INFO     train: 1 (2455/2500), 121.28419494628906, 251.51215201014415
2024-04-17 03:22:59 INFO     train: 1 (2463/2500), 165.84742736816406, 251.525413445064
2024-04-17 03:24:27 INFO     train: 1 (2471/2500), 137.33404541015625, 251.47308524912614
2024-04-17 03:25:54 INFO     train: 1 (2479/2500), 487.025634765625, 251.55480525109076
2024-04-17 03:27:22 INFO     train: 1 (2487/2500), 313.84808349609375, 252.3872624179558
2024-04-17 03:28:49 INFO     train: 1 (2495/2500), 196.56134033203125, 252.15230544102496
2024-04-17 03:31:53 INFO     val: 1, 61.66512161254883, 61.001383514404296
2024-04-17 03:33:43 INFO     test: 1, 99.4722596168518, 98.73182191848755
2024-04-17 03:35:20 INFO     train: 2 (7/2500), 140.70144653320312, 91.52503156661987
2024-04-17 03:36:48 INFO     train: 2 (15/2500), 148.27513122558594, 127.68838906288147
2024-04-17 03:38:16 INFO     train: 2 (23/2500), 129.02545166015625, 125.15969165166219
2024-04-17 03:39:44 INFO     train: 2 (31/2500), 106.99815368652344, 125.30368554592133
2024-04-17 03:41:11 INFO     train: 2 (39/2500), 96.16258239746094, 147.10066747665405
2024-04-17 03:42:39 INFO     train: 2 (47/2500), 57.40618896484375, 140.72566453615823
2024-04-17 03:44:06 INFO     train: 2 (55/2500), 152.8622283935547, 136.53739486421858
2024-04-17 03:45:34 INFO     train: 2 (63/2500), 98.83647155761719, 133.48701602220535
2024-04-17 03:47:02 INFO     train: 2 (71/2500), 205.84423828125, 147.11604356765747
2024-04-17 03:48:29 INFO     train: 2 (79/2500), 78.58602905273438, 148.7870237827301
2024-04-17 03:49:57 INFO     train: 2 (87/2500), 329.3095397949219, 146.21676913174716
2024-04-17 03:51:25 INFO     train: 2 (95/2500), 53.411922454833984, 145.96364891529083
2024-04-17 03:52:52 INFO     train: 2 (103/2500), 138.08497619628906, 141.8310320560749
2024-04-17 03:54:20 INFO     train: 2 (111/2500), 170.133544921875, 142.18092370033264
2024-04-17 03:55:47 INFO     train: 2 (119/2500), 64.13896179199219, 138.53544607162476
2024-04-17 03:57:15 INFO     train: 2 (127/2500), 112.97554779052734, 139.76076218485832
2024-04-17 03:58:43 INFO     train: 2 (135/2500), 109.94892883300781, 139.60257117888506
2024-04-17 04:00:11 INFO     train: 2 (143/2500), 117.74951934814453, 141.35459621747336
2024-04-17 04:01:38 INFO     train: 2 (151/2500), 126.8424301147461, 146.02154362829108
2024-04-17 04:03:06 INFO     train: 2 (159/2500), 282.59576416015625, 153.50762193202974
2024-04-17 04:04:33 INFO     train: 2 (167/2500), 92.39178466796875, 156.51644690831503
2024-04-17 04:06:01 INFO     train: 2 (175/2500), 146.8046417236328, 155.48119144006208
2024-04-17 04:07:29 INFO     train: 2 (183/2500), 122.96733856201172, 155.52589464187622
2024-04-17 04:08:56 INFO     train: 2 (191/2500), 74.24036407470703, 155.59433672825494
2024-04-17 04:10:24 INFO     train: 2 (199/2500), 66.01119232177734, 161.01182416915893
2024-04-17 04:11:52 INFO     train: 2 (207/2500), 108.07180786132812, 159.07246547478897
2024-04-17 04:13:19 INFO     train: 2 (215/2500), 97.68023681640625, 157.03009804972896
2024-04-17 04:14:47 INFO     train: 2 (223/2500), 78.95587158203125, 157.2518872363227
2024-04-17 04:16:14 INFO     train: 2 (231/2500), 88.36222839355469, 158.12130617273266
2024-04-17 04:17:42 INFO     train: 2 (239/2500), 169.88858032226562, 159.2481773376465
2024-04-17 04:19:10 INFO     train: 2 (247/2500), 519.1889038085938, 159.12350849951468
2024-04-17 04:20:37 INFO     train: 2 (255/2500), 53.85486602783203, 157.39744509756565
2024-04-17 04:22:05 INFO     train: 2 (263/2500), 98.2637939453125, 157.59926245429298
2024-04-17 04:23:33 INFO     train: 2 (271/2500), 140.79310607910156, 159.87520895284766
2024-04-17 04:25:00 INFO     train: 2 (279/2500), 96.99536895751953, 158.7822999545506
2024-04-17 04:26:28 INFO     train: 2 (287/2500), 98.5025405883789, 159.07026607460446
2024-04-17 04:27:56 INFO     train: 2 (295/2500), 87.11250305175781, 158.4811138333501
2024-04-17 04:29:23 INFO     train: 2 (303/2500), 92.2934799194336, 156.98741941702994
2024-04-17 04:30:51 INFO     train: 2 (311/2500), 224.5919189453125, 157.60893226281192
2024-04-17 04:32:19 INFO     train: 2 (319/2500), 459.2796325683594, 160.17519727945327
2024-04-17 04:33:46 INFO     train: 2 (327/2500), 164.560546875, 158.70717612708486
2024-04-17 04:35:14 INFO     train: 2 (335/2500), 83.55632781982422, 158.2920298235757
2024-04-17 04:36:42 INFO     train: 2 (343/2500), 154.61541748046875, 156.98932517961015
2024-04-17 04:38:09 INFO     train: 2 (351/2500), 127.47967529296875, 156.18565688349983
2024-04-17 04:39:37 INFO     train: 2 (359/2500), 87.43421173095703, 156.15876344045003
2024-04-17 04:41:05 INFO     train: 2 (367/2500), 46.62202072143555, 155.63616293409595
2024-04-17 04:42:32 INFO     train: 2 (375/2500), 294.14935302734375, 157.33141210231375
2024-04-17 04:44:00 INFO     train: 2 (383/2500), 379.74957275390625, 157.81342360377312
2024-04-17 04:45:28 INFO     train: 2 (391/2500), 201.69955444335938, 159.89380362569068
2024-04-17 04:46:55 INFO     train: 2 (399/2500), 308.33990478515625, 163.33439938545226
2024-04-17 04:48:23 INFO     train: 2 (407/2500), 171.6757049560547, 163.36187703936707
2024-04-17 04:49:51 INFO     train: 2 (415/2500), 138.4505615234375, 168.32142966527206
2024-04-17 04:51:18 INFO     train: 2 (423/2500), 340.87451171875, 169.45993391972667
2024-04-17 04:52:46 INFO     train: 2 (431/2500), 155.90225219726562, 170.2820108290072
2024-04-17 04:54:14 INFO     train: 2 (439/2500), 128.06593322753906, 172.73467057834972
2024-04-17 04:55:41 INFO     train: 2 (447/2500), 121.6593017578125, 173.5798720376832
2024-04-17 04:57:09 INFO     train: 2 (455/2500), 83.9471664428711, 173.040243642372
2024-04-17 04:58:37 INFO     train: 2 (463/2500), 103.50068664550781, 172.6814828330073
2024-04-17 05:00:04 INFO     train: 2 (471/2500), 196.5037384033203, 172.4621295848135
2024-04-17 05:01:32 INFO     train: 2 (479/2500), 143.39569091796875, 171.93307004769642
2024-04-17 05:03:00 INFO     train: 2 (487/2500), 69.0152587890625, 170.81508989021427
2024-04-17 05:04:27 INFO     train: 2 (495/2500), 60.56720733642578, 170.78681638163906
2024-04-17 05:05:55 INFO     train: 2 (503/2500), 646.553955078125, 171.44073375823007
2024-04-17 05:07:23 INFO     train: 2 (511/2500), 217.57090759277344, 177.7292554527521
2024-04-17 05:08:51 INFO     train: 2 (519/2500), 116.44989776611328, 178.37985753279466
2024-04-17 05:10:19 INFO     train: 2 (527/2500), 111.13804626464844, 179.0777545264273
2024-04-17 05:11:46 INFO     train: 2 (535/2500), 167.73611450195312, 179.3614325594546
2024-04-17 05:13:14 INFO     train: 2 (543/2500), 333.4194030761719, 180.40305175500757
2024-04-17 05:14:42 INFO     train: 2 (551/2500), 198.64398193359375, 181.19816833993664
2024-04-17 05:16:10 INFO     train: 2 (559/2500), 143.29159545898438, 181.48792813164846
2024-04-17 05:17:37 INFO     train: 2 (567/2500), 251.79962158203125, 182.38815682370898
2024-04-17 05:19:05 INFO     train: 2 (575/2500), 131.59625244140625, 183.44389728705087
2024-04-17 05:20:33 INFO     train: 2 (583/2500), 187.85244750976562, 183.7300947137075
2024-04-17 05:22:00 INFO     train: 2 (591/2500), 206.2113037109375, 185.42399923221484
2024-04-17 05:23:28 INFO     train: 2 (599/2500), 158.62677001953125, 186.14819283803305
2024-04-17 05:24:56 INFO     train: 2 (607/2500), 116.457275390625, 188.2197697915529
2024-04-17 05:26:23 INFO     train: 2 (615/2500), 175.96405029296875, 188.28511179886854
2024-04-17 05:27:51 INFO     train: 2 (623/2500), 197.9099884033203, 189.14826641327295
2024-04-17 05:29:19 INFO     train: 2 (631/2500), 155.1246337890625, 188.61479123031037
2024-04-17 05:30:46 INFO     train: 2 (639/2500), 311.84735107421875, 189.40978140830993
2024-04-17 05:32:14 INFO     train: 2 (647/2500), 314.6751403808594, 189.23887886235744
2024-04-17 05:33:41 INFO     train: 2 (655/2500), 228.53219604492188, 191.18491303048484
2024-04-17 05:35:09 INFO     train: 2 (663/2500), 133.11227416992188, 191.47442438516273
2024-04-17 05:36:37 INFO     train: 2 (671/2500), 455.1453857421875, 191.77044446127755
2024-04-17 05:38:04 INFO     train: 2 (679/2500), 233.77294921875, 193.63360972684973
2024-04-17 05:39:32 INFO     train: 2 (687/2500), 258.73095703125, 194.18489822121555
2024-04-17 05:41:00 INFO     train: 2 (695/2500), 165.23397827148438, 194.0172150491298
2024-04-17 05:42:27 INFO     train: 2 (703/2500), 118.91175842285156, 193.55261653119868
2024-04-17 05:43:55 INFO     train: 2 (711/2500), 1348.743408203125, 195.8729257262155
2024-04-17 05:45:22 INFO     train: 2 (719/2500), 138.8907470703125, 196.90107928382025
2024-04-17 05:46:50 INFO     train: 2 (727/2500), 142.10243225097656, 196.94556028764327
2024-04-17 05:48:18 INFO     train: 2 (735/2500), 314.943603515625, 196.83097834172457
2024-04-17 05:49:45 INFO     train: 2 (743/2500), 310.73529052734375, 197.3137669153111
2024-04-17 05:51:13 INFO     train: 2 (751/2500), 166.03126525878906, 197.1534912281848
2024-04-17 05:52:41 INFO     train: 2 (759/2500), 163.3224334716797, 197.37568548604062
2024-04-17 05:54:09 INFO     train: 2 (767/2500), 150.8673095703125, 197.58914006253084
2024-04-17 05:55:36 INFO     train: 2 (775/2500), 161.002685546875, 197.8148130485692
2024-04-17 05:57:04 INFO     train: 2 (783/2500), 154.2201385498047, 198.14124499048506
2024-04-17 05:58:32 INFO     train: 2 (791/2500), 164.96078491210938, 198.69794622575395
2024-04-17 05:59:59 INFO     train: 2 (799/2500), 246.9052734375, 199.1713380098343
2024-04-17 06:01:27 INFO     train: 2 (807/2500), 128.7475128173828, 200.32782935624076
2024-04-17 06:02:54 INFO     train: 2 (815/2500), 239.1561279296875, 200.31102664330427
2024-04-17 06:04:22 INFO     train: 2 (823/2500), 366.3990173339844, 199.9541961568073
2024-04-17 06:05:50 INFO     train: 2 (831/2500), 164.18505859375, 200.2712135360791
2024-04-17 06:07:17 INFO     train: 2 (839/2500), 147.43521118164062, 200.0283932685852
2024-04-17 06:08:45 INFO     train: 2 (847/2500), 204.87478637695312, 200.25326527739472
2024-04-17 06:10:13 INFO     train: 2 (855/2500), 215.67526245117188, 200.1281042054435
2024-04-17 06:11:40 INFO     train: 2 (863/2500), 203.02902221679688, 199.93714589984327
2024-04-17 06:13:08 INFO     train: 2 (871/2500), 95.1873779296875, 200.46829767402158
2024-04-17 06:14:36 INFO     train: 2 (879/2500), 1090.7647705078125, 201.9594031117179
2024-04-17 06:16:03 INFO     train: 2 (887/2500), 383.99932861328125, 202.59044302261628
2024-04-17 06:17:31 INFO     train: 2 (895/2500), 307.97674560546875, 203.61189624667168
2024-04-17 06:18:59 INFO     train: 2 (903/2500), 416.7225036621094, 203.78874684646067
2024-04-17 06:20:26 INFO     train: 2 (911/2500), 174.87564086914062, 203.69671153603937
2024-04-17 06:21:54 INFO     train: 2 (919/2500), 101.64229583740234, 203.30394756897635
2024-04-17 06:23:22 INFO     train: 2 (927/2500), 160.3789825439453, 203.07463173619632
2024-04-17 06:24:50 INFO     train: 2 (935/2500), 89.9234619140625, 203.9258873890608
2024-04-17 06:26:17 INFO     train: 2 (943/2500), 478.9643859863281, 205.3299331624629
2024-04-17 06:27:45 INFO     train: 2 (951/2500), 306.8326416015625, 205.48099764254914
2024-04-17 06:29:13 INFO     train: 2 (959/2500), 167.03973388671875, 205.77052589654923
2024-04-17 06:30:40 INFO     train: 2 (967/2500), 149.89930725097656, 205.8417746685753
2024-04-17 06:32:08 INFO     train: 2 (975/2500), 137.50210571289062, 205.55171184461625
2024-04-17 06:33:36 INFO     train: 2 (983/2500), 107.06045532226562, 206.62722909741285
2024-04-17 06:35:03 INFO     train: 2 (991/2500), 105.70401000976562, 206.5474692506175
2024-04-17 06:36:31 INFO     train: 2 (999/2500), 91.33570098876953, 206.37392798995972
2024-04-17 06:37:59 INFO     train: 2 (1007/2500), 85.92445373535156, 205.9672952493032
2024-04-17 06:39:26 INFO     train: 2 (1015/2500), 139.99147033691406, 206.05381549249483
2024-04-17 06:40:54 INFO     train: 2 (1023/2500), 196.97447204589844, 206.99571735784411
2024-04-17 06:42:22 INFO     train: 2 (1031/2500), 144.7490234375, 207.0434885505558
2024-04-17 06:43:49 INFO     train: 2 (1039/2500), 302.009521484375, 208.98819589981667
2024-04-17 06:45:17 INFO     train: 2 (1047/2500), 169.77919006347656, 210.12689372419402
2024-04-17 06:46:45 INFO     train: 2 (1055/2500), 142.241455078125, 209.8604395642425
2024-04-17 06:48:12 INFO     train: 2 (1063/2500), 188.308837890625, 210.01809274702143
2024-04-17 06:49:40 INFO     train: 2 (1071/2500), 180.2755126953125, 210.3992419990141
2024-04-17 06:51:08 INFO     train: 2 (1079/2500), 250.96522521972656, 210.5791248286212
2024-04-17 06:52:35 INFO     train: 2 (1087/2500), 159.2515869140625, 211.26170183279936
2024-04-17 06:54:03 INFO     train: 2 (1095/2500), 157.90733337402344, 211.1824649650685
2024-04-17 06:55:30 INFO     train: 2 (1103/2500), 306.17889404296875, 211.3878171927687
2024-04-17 06:56:58 INFO     train: 2 (1111/2500), 250.15005493164062, 211.28260714373144
2024-04-17 06:58:26 INFO     train: 2 (1119/2500), 374.3819580078125, 211.8152110678809
2024-04-17 06:59:54 INFO     train: 2 (1127/2500), 209.38125610351562, 211.51362416761143
2024-04-17 07:01:21 INFO     train: 2 (1135/2500), 348.71337890625, 212.54958237728601
2024-04-17 07:02:49 INFO     train: 2 (1143/2500), 287.4704284667969, 212.6572649262168
2024-04-17 07:04:16 INFO     train: 2 (1151/2500), 292.2445068359375, 212.87091177370814
2024-04-17 07:05:44 INFO     train: 2 (1159/2500), 319.74615478515625, 212.69669727785833
2024-04-17 07:07:12 INFO     train: 2 (1167/2500), 408.5281677246094, 212.6023034102296
2024-04-17 07:08:39 INFO     train: 2 (1175/2500), 2719.75439453125, 214.80116196392345
2024-04-17 07:10:07 INFO     train: 2 (1183/2500), 256.7916259765625, 215.17097225382523
2024-04-17 07:11:35 INFO     train: 2 (1191/2500), 213.52474975585938, 215.62203511935752
2024-04-17 07:13:02 INFO     train: 2 (1199/2500), 145.91299438476562, 215.7073334980011
2024-04-17 07:14:30 INFO     train: 2 (1207/2500), 156.9890594482422, 215.36717676011142
2024-04-17 07:15:57 INFO     train: 2 (1215/2500), 215.739990234375, 215.53587539258757
2024-04-17 07:17:25 INFO     train: 2 (1223/2500), 244.54443359375, 215.29842531603146
2024-04-17 07:18:53 INFO     train: 2 (1231/2500), 139.65292358398438, 214.75492611488738
2024-04-17 07:20:20 INFO     train: 2 (1239/2500), 174.91139221191406, 214.3897157515249
2024-04-17 07:21:48 INFO     train: 2 (1247/2500), 561.3779296875, 214.62490904942538
2024-04-17 07:23:16 INFO     train: 2 (1255/2500), 168.50186157226562, 214.67841714810413
2024-04-17 07:24:43 INFO     train: 2 (1263/2500), 218.9986114501953, 214.6016615704645
2024-04-17 07:26:11 INFO     train: 2 (1271/2500), 81.38154602050781, 214.53224790621104
2024-04-17 07:27:39 INFO     train: 2 (1279/2500), 223.7786102294922, 214.75283093750477
2024-04-17 07:29:06 INFO     train: 2 (1287/2500), 167.9337158203125, 214.68611822957578
2024-04-17 07:30:34 INFO     train: 2 (1295/2500), 150.7821044921875, 215.55443271884212
2024-04-17 07:32:02 INFO     train: 2 (1303/2500), 590.5738525390625, 215.6998030159371
2024-04-17 07:33:29 INFO     train: 2 (1311/2500), 392.67950439453125, 215.7277764489011
2024-04-17 07:34:57 INFO     train: 2 (1319/2500), 185.71751403808594, 215.4483806176619
2024-04-17 07:36:25 INFO     train: 2 (1327/2500), 368.59759521484375, 215.96898176296648
2024-04-17 07:37:52 INFO     train: 2 (1335/2500), 925.494873046875, 216.9300788234094
2024-04-17 07:39:20 INFO     train: 2 (1343/2500), 387.1807861328125, 217.03666726464317
2024-04-17 07:40:47 INFO     train: 2 (1351/2500), 252.19728088378906, 217.80690761712881
2024-04-17 07:42:15 INFO     train: 2 (1359/2500), 123.47982788085938, 218.15426051756916
2024-04-17 07:43:43 INFO     train: 2 (1367/2500), 158.9932861328125, 218.42900600210268
2024-04-17 07:45:10 INFO     train: 2 (1375/2500), 119.1956787109375, 218.39916963355486
2024-04-17 07:46:38 INFO     train: 2 (1383/2500), 231.23744201660156, 218.69273424424188
2024-04-17 07:48:06 INFO     train: 2 (1391/2500), 177.65977478027344, 218.81828122851493
2024-04-17 07:49:33 INFO     train: 2 (1399/2500), 261.8902282714844, 218.64563066210064
2024-04-17 07:51:01 INFO     train: 2 (1407/2500), 64.99452209472656, 219.0464626063
2024-04-17 07:52:29 INFO     train: 2 (1415/2500), 71.72177124023438, 219.33466134906487
2024-04-17 07:53:56 INFO     train: 2 (1423/2500), 295.58477783203125, 219.17955704485433
2024-04-17 07:55:24 INFO     train: 2 (1431/2500), 107.19833374023438, 219.45960953248945
2024-04-17 07:56:51 INFO     train: 2 (1439/2500), 60.597412109375, 219.47320725652907
2024-04-17 07:58:19 INFO     train: 2 (1447/2500), 174.61376953125, 219.19719032688036
2024-04-17 07:59:47 INFO     train: 2 (1455/2500), 374.329345703125, 219.16734983108856
2024-04-17 08:01:14 INFO     train: 2 (1463/2500), 493.6967468261719, 220.01129955541893
2024-04-17 08:02:42 INFO     train: 2 (1471/2500), 171.69903564453125, 220.23796311150426
2024-04-17 08:04:10 INFO     train: 2 (1479/2500), 396.3532409667969, 220.07894179369953
2024-04-17 08:05:37 INFO     train: 2 (1487/2500), 240.9360809326172, 220.05265886040144
2024-04-17 08:07:05 INFO     train: 2 (1495/2500), 130.40696716308594, 220.0119040178105
2024-04-17 08:08:32 INFO     train: 2 (1503/2500), 113.60458374023438, 219.74564794276623
2024-04-17 08:10:00 INFO     train: 2 (1511/2500), 156.61318969726562, 219.6778312511545
2024-04-17 08:11:28 INFO     train: 2 (1519/2500), 115.81881713867188, 219.534214607038
2024-04-17 08:12:55 INFO     train: 2 (1527/2500), 347.9576110839844, 219.85318224342706
2024-04-17 08:14:23 INFO     train: 2 (1535/2500), 81.95181274414062, 220.22235575318336
2024-04-17 08:15:51 INFO     train: 2 (1543/2500), 315.9015197753906, 220.0547220842826
2024-04-17 08:17:18 INFO     train: 2 (1551/2500), 183.12753295898438, 219.95914601296494
2024-04-17 08:18:46 INFO     train: 2 (1559/2500), 227.24710083007812, 219.91481342560206
2024-04-17 08:20:14 INFO     train: 2 (1567/2500), 333.8865966796875, 220.18745128232607
2024-04-17 08:21:41 INFO     train: 2 (1575/2500), 215.58790588378906, 220.3315114466672
2024-04-17 08:23:09 INFO     train: 2 (1583/2500), 239.09600830078125, 220.42844551982301
2024-04-17 08:24:37 INFO     train: 2 (1591/2500), 818.0059204101562, 222.30112025725782
2024-04-17 08:26:04 INFO     train: 2 (1599/2500), 294.5733337402344, 222.6560573887825
2024-04-17 08:27:32 INFO     train: 2 (1607/2500), 279.39605712890625, 222.5818171833285
2024-04-17 08:28:59 INFO     train: 2 (1615/2500), 221.59762573242188, 222.50603972095075
2024-04-17 08:30:27 INFO     train: 2 (1623/2500), 101.69603729248047, 222.42537464884114
2024-04-17 08:31:55 INFO     train: 2 (1631/2500), 239.98095703125, 222.1167130727394
2024-04-17 08:33:22 INFO     train: 2 (1639/2500), 324.10284423828125, 222.29671558054483
2024-04-17 08:34:50 INFO     train: 2 (1647/2500), 117.47634887695312, 222.53860678024662
2024-04-17 08:36:18 INFO     train: 2 (1655/2500), 131.48574829101562, 222.2761783208248
2024-04-17 08:37:46 INFO     train: 2 (1663/2500), 109.5888900756836, 222.14646941194167
2024-04-17 08:39:13 INFO     train: 2 (1671/2500), 86.37002563476562, 222.11583864631837
2024-04-17 08:40:41 INFO     train: 2 (1679/2500), 94.77863311767578, 222.05350287528265
2024-04-17 08:42:08 INFO     train: 2 (1687/2500), 191.194580078125, 222.13882196119047
2024-04-17 08:43:36 INFO     train: 2 (1695/2500), 298.96759033203125, 222.37897211875557
2024-04-17 08:45:04 INFO     train: 2 (1703/2500), 761.8707275390625, 222.7559673528716
2024-04-17 08:46:31 INFO     train: 2 (1711/2500), 116.05661010742188, 222.7283181720805
2024-04-17 08:47:59 INFO     train: 2 (1719/2500), 607.049560546875, 223.7412531054297
2024-04-17 08:49:27 INFO     train: 2 (1727/2500), 705.4634399414062, 224.45331862458477
2024-04-17 08:50:54 INFO     train: 2 (1735/2500), 524.9889526367188, 225.43613860354446
2024-04-17 08:52:22 INFO     train: 2 (1743/2500), 85.21290588378906, 225.0547747633873
2024-04-17 08:53:50 INFO     train: 2 (1751/2500), 122.8541259765625, 225.28417202980006
2024-04-17 08:55:17 INFO     train: 2 (1759/2500), 228.419189453125, 225.3604691136967
2024-04-17 08:56:45 INFO     train: 2 (1767/2500), 121.57323455810547, 225.79173487883347
2024-04-17 08:58:13 INFO     train: 2 (1775/2500), 441.8043518066406, 225.94022267358798
2024-04-17 08:59:40 INFO     train: 2 (1783/2500), 275.2268981933594, 226.37193495703386
2024-04-17 09:01:08 INFO     train: 2 (1791/2500), 264.98638916015625, 226.34236954152584
2024-04-17 09:02:36 INFO     train: 2 (1799/2500), 229.10577392578125, 226.08304233762954
2024-04-17 09:04:03 INFO     train: 2 (1807/2500), 246.09645080566406, 226.05153145621307
2024-04-17 09:05:31 INFO     train: 2 (1815/2500), 430.78857421875, 225.97097534440164
2024-04-17 09:06:59 INFO     train: 2 (1823/2500), 350.53057861328125, 225.85602436358468
2024-04-17 09:08:26 INFO     train: 2 (1831/2500), 131.14852905273438, 225.81220809861563
2024-04-17 09:09:54 INFO     train: 2 (1839/2500), 126.08634948730469, 225.84933066368103
2024-04-17 09:11:22 INFO     train: 2 (1847/2500), 153.04562377929688, 225.5570861704938
2024-04-17 09:12:49 INFO     train: 2 (1855/2500), 83.6038818359375, 225.51634544545206
2024-04-17 09:14:17 INFO     train: 2 (1863/2500), 185.82777404785156, 226.19733555224832
2024-04-17 09:15:44 INFO     train: 2 (1871/2500), 248.08831787109375, 226.07425480418735
2024-04-17 09:17:12 INFO     train: 2 (1879/2500), 819.950439453125, 226.67210863600386
2024-04-17 09:18:40 INFO     train: 2 (1887/2500), 395.4006652832031, 226.56037782612495
2024-04-17 09:20:07 INFO     train: 2 (1895/2500), 431.90924072265625, 226.72186574855434
2024-04-17 09:21:35 INFO     train: 2 (1903/2500), 419.6363830566406, 226.6841984456327
2024-04-17 09:23:02 INFO     train: 2 (1911/2500), 963.8137817382812, 226.97112370933948
2024-04-17 09:24:30 INFO     train: 2 (1919/2500), 689.0382690429688, 227.25695121486982
2024-04-17 09:25:58 INFO     train: 2 (1927/2500), 114.63848876953125, 227.26272133672882
2024-04-17 09:27:25 INFO     train: 2 (1935/2500), 112.79144287109375, 227.52888786891276
2024-04-17 09:28:53 INFO     train: 2 (1943/2500), 417.2044372558594, 227.62337513715642
2024-04-17 09:30:21 INFO     train: 2 (1951/2500), 266.9630432128906, 227.4271781307752
2024-04-17 09:31:48 INFO     train: 2 (1959/2500), 100.49272155761719, 227.2807394397502
2024-04-17 09:33:16 INFO     train: 2 (1967/2500), 105.83992004394531, 227.12387643403153
2024-04-17 09:34:43 INFO     train: 2 (1975/2500), 501.7863464355469, 227.16464744019603
2024-04-17 09:36:11 INFO     train: 2 (1983/2500), 194.034912109375, 227.35107657024938
2024-04-17 09:37:38 INFO     train: 2 (1991/2500), 462.1038513183594, 227.47671988881734
2024-04-17 09:39:06 INFO     train: 2 (1999/2500), 749.7169799804688, 228.20164842033387
2024-04-17 09:40:34 INFO     train: 2 (2007/2500), 224.9943084716797, 228.5459922110417
2024-04-17 09:42:01 INFO     train: 2 (2015/2500), 144.32589721679688, 228.32515163081032
2024-04-17 09:43:29 INFO     train: 2 (2023/2500), 197.8556365966797, 229.02069174536604
2024-04-17 09:44:56 INFO     train: 2 (2031/2500), 283.2691650390625, 229.322320797312
2024-04-17 09:46:24 INFO     train: 2 (2039/2500), 408.62664794921875, 229.24538623024435
2024-04-17 09:47:52 INFO     train: 2 (2047/2500), 292.95220947265625, 229.1273341421038
2024-04-17 09:49:19 INFO     train: 2 (2055/2500), 152.05511474609375, 229.65072240161524
2024-04-17 09:50:47 INFO     train: 2 (2063/2500), 111.31991577148438, 229.59360838675684
2024-04-17 09:52:14 INFO     train: 2 (2071/2500), 337.8642272949219, 229.61554602766589
2024-04-17 09:53:42 INFO     train: 2 (2079/2500), 102.71937561035156, 229.51826914640574
2024-04-17 09:55:10 INFO     train: 2 (2087/2500), 131.59231567382812, 229.6018000233676
2024-04-17 09:56:37 INFO     train: 2 (2095/2500), 169.96328735351562, 229.44926998997462
2024-04-17 09:58:05 INFO     train: 2 (2103/2500), 189.00985717773438, 230.00206894747657
2024-04-17 09:59:32 INFO     train: 2 (2111/2500), 212.06561279296875, 230.31794434605223
2024-04-17 10:01:00 INFO     train: 2 (2119/2500), 385.0773620605469, 230.68819202926923
2024-04-17 10:02:28 INFO     train: 2 (2127/2500), 139.0440216064453, 230.5430019421685
2024-04-17 10:03:55 INFO     train: 2 (2135/2500), 164.2874755859375, 230.3907904392771
2024-04-17 10:05:23 INFO     train: 2 (2143/2500), 171.95289611816406, 230.59977695123473
2024-04-17 10:06:50 INFO     train: 2 (2151/2500), 254.49240112304688, 230.61537724533932
2024-04-17 10:12:16 INFO     train: 2 (2159/2500), 177.7012481689453, 230.8378121022825
2024-04-17 10:25:02 INFO     train: 2 (2167/2500), 119.20512390136719, 230.8819407783311
2024-04-17 10:37:02 INFO     train: 2 (2175/2500), 96.34843444824219, 230.76528052021476
2024-04-17 10:49:02 INFO     train: 2 (2183/2500), 124.23094940185547, 230.47855167598516
2024-04-17 10:54:33 INFO     train: 2 (2191/2500), 98.75724792480469, 230.58414604019944
2024-04-17 10:56:07 INFO     train: 2 (2199/2500), 217.73419189453125, 231.02577588168057
2024-04-17 10:57:37 INFO     train: 2 (2207/2500), 237.37680053710938, 231.4577449819316
2024-04-17 10:59:07 INFO     train: 2 (2215/2500), 168.24505615234375, 231.61343015402232
2024-04-17 11:00:41 INFO     train: 2 (2223/2500), 201.98501586914062, 231.39638383439976
2024-04-17 11:02:14 INFO     train: 2 (2231/2500), 528.2208251953125, 231.3917221800828
2024-04-17 11:03:42 INFO     train: 2 (2239/2500), 268.83209228515625, 231.49203489507948
2024-04-17 11:05:12 INFO     train: 2 (2247/2500), 149.27999877929688, 231.29047264153422
2024-04-17 11:06:41 INFO     train: 2 (2255/2500), 74.6076431274414, 231.6147328911098
2024-04-17 11:08:11 INFO     train: 2 (2263/2500), 155.23733520507812, 231.6650397061459
2024-04-17 11:09:40 INFO     train: 2 (2271/2500), 188.72821044921875, 231.59114458527364
2024-04-17 11:11:10 INFO     train: 2 (2279/2500), 334.5002746582031, 231.67744648582058
2024-04-17 11:12:39 INFO     train: 2 (2287/2500), 158.736328125, 232.03853592505823
2024-04-17 11:14:09 INFO     train: 2 (2295/2500), 554.1919555664062, 232.3220652404147
2024-04-17 11:15:38 INFO     train: 2 (2303/2500), 260.72222900390625, 232.17444951335588
2024-04-17 11:17:08 INFO     train: 2 (2311/2500), 154.298095703125, 232.12145896436434
2024-04-17 11:18:39 INFO     train: 2 (2319/2500), 172.77774047851562, 232.19867910845525
2024-04-17 11:20:13 INFO     train: 2 (2327/2500), 124.61528015136719, 232.07030006946158
2024-04-17 11:21:43 INFO     train: 2 (2335/2500), 131.90643310546875, 231.86559929586437
2024-04-17 11:23:12 INFO     train: 2 (2343/2500), 343.58343505859375, 231.82224554576158
2024-04-17 11:24:41 INFO     train: 2 (2351/2500), 161.31459045410156, 231.5556133685469
2024-04-17 11:26:10 INFO     train: 2 (2359/2500), 146.39248657226562, 231.53240767656746
