2024-04-14 14:27:33 INFO     epoch (index_dataloader/dataloader_len), loss_value.item(), epoch_losses.mean()
2024-04-14 14:33:22 INFO     train: 0 (54/11030), 18533.044921875, 30209.881498579547 | 94.81723022460938, 98.17823985706676
2024-04-14 14:39:08 INFO     train: 0 (109/11030), 15110.107421875, 25745.8900390625 | 91.62907409667969, 95.96182833584872
2024-04-14 14:44:55 INFO     train: 0 (164/11030), 21755.259765625, 23662.189808238636 | 85.7850570678711, 93.43446396336411
2024-04-14 14:50:42 INFO     train: 0 (219/11030), 17202.583984375, 22182.94053622159 | 80.54663848876953, 91.10953289378773
2024-04-14 14:56:28 INFO     train: 0 (274/11030), 22366.419921875, 21140.672079190343 | 75.37010192871094, 88.6391435657848
2024-04-14 15:02:14 INFO     train: 0 (329/11030), 29278.79296875, 20592.81738133286 | 69.45793151855469, 85.99224610762163
2024-04-14 15:08:00 INFO     train: 0 (384/11030), 19323.18359375, 20349.111032619723 | 64.00213623046875, 83.28957959459973
2024-04-14 15:13:47 INFO     train: 0 (439/11030), 13597.12890625, 20048.149947842685 | 59.57658386230469, 80.61167739521373
2024-04-14 15:19:33 INFO     train: 0 (494/11030), 19078.12109375, 19766.203258167614 | 52.749977111816406, 77.88309193620778
2024-04-14 15:25:19 INFO     train: 0 (549/11030), 22318.6640625, 19691.97321821733 | 48.666709899902344, 75.33738884665749
2024-04-14 15:31:06 INFO     train: 0 (604/11030), 18134.970703125, 19446.83356227402 | 42.7164421081543, 72.75545097540233
2024-04-14 15:36:52 INFO     train: 0 (659/11030), 18874.515625, 19313.937808504972 | 36.9941291809082, 70.03792801481305
2024-04-14 15:42:38 INFO     train: 0 (714/11030), 15298.046875, 19234.669127649693 | 31.104087829589844, 67.26402348871831
2024-04-14 15:48:24 INFO     train: 0 (769/11030), 12756.826171875, 19117.676398259944 | 24.998336791992188, 64.51545206045175
2024-04-14 15:54:10 INFO     train: 0 (824/11030), 18739.904296875, 18909.376037523674 | 19.28386688232422, 61.72223310990767
2024-04-14 15:59:57 INFO     train: 0 (879/11030), 16699.544921875, 18782.708022238992 | 12.374366760253906, 59.01106697862799
2024-04-14 16:05:43 INFO     train: 0 (934/11030), 13637.72265625, 18612.83654641544 | 66.80670166015625, 56.18068947613558
2024-04-14 16:11:29 INFO     train: 0 (989/11030), 17591.775390625, 18655.363851404672 | 0.41934967041015625, 53.33574388677424
2024-04-14 16:17:15 INFO     train: 0 (1044/11030), 16442.5234375, 18541.016677257776 | -5.391456604003906, 50.400476121674316
2024-04-14 16:23:01 INFO     train: 0 (1099/11030), 15734.953125, 18399.314048295455 | -11.472854614257812, 47.561922923001376
2024-04-14 16:28:47 INFO     train: 0 (1154/11030), 13844.82421875, 18316.811985930737 | -17.40410614013672, 44.615868906128455
2024-04-14 16:34:34 INFO     train: 0 (1209/11030), 17406.259765625, 18312.08850803848 | -24.51689910888672, 41.619782834013634
2024-04-14 16:40:20 INFO     train: 0 (1264/11030), 17495.02734375, 18234.983686774332 | -32.05390167236328, 38.581326116026624
2024-04-14 16:46:07 INFO     train: 0 (1319/11030), 15800.431640625, 18175.20380008582 | -39.096046447753906, 35.51401347825021
2024-04-14 16:51:57 INFO     train: 0 (1374/11030), 26021.31640625, 18117.485468394887 | -45.44017028808594, 32.43069547618519
2024-04-14 16:57:45 INFO     train: 0 (1429/11030), 12512.60546875, 18105.140275691105 | -50.83026885986328, 29.337660508055787
2024-04-14 17:03:34 INFO     train: 0 (1484/11030), 21198.00390625, 18046.248773871528 | -58.76605224609375, 26.244588547523577
2024-04-14 17:09:22 INFO     train: 0 (1539/11030), 22786.7734375, 17993.134851549818 | -65.32112121582031, 23.12396701713661
2024-04-14 17:15:11 INFO     train: 0 (1594/11030), 9934.66015625, 17940.41665146209 | -71.65408325195312, 20.00215043931919
2024-04-14 17:20:59 INFO     train: 0 (1649/11030), 21586.888671875, 17988.621375177558 | -78.77822875976562, 16.952287632335317
2024-04-14 17:26:48 INFO     train: 0 (1704/11030), 20960.419921875, 17952.338044412114 | -85.72960662841797, 13.809850423147251
2024-04-14 17:32:37 INFO     train: 0 (1759/11030), 15415.3505859375, 17973.87510459206 | -93.23282623291016, 10.583248721469532
2024-04-14 17:38:27 INFO     train: 0 (1814/11030), 24050.63671875, 18015.668245308196 | -98.54457092285156, 7.368800301459867
2024-04-14 17:44:15 INFO     train: 0 (1869/11030), 17727.306640625, 18022.482563920454 | -106.16424560546875, 4.20707727320054
2024-04-14 17:50:05 INFO     train: 0 (1924/11030), 14272.4677734375, 17967.155881696428 | -113.01402282714844, 0.9267300593388546
2024-04-14 17:55:54 INFO     train: 0 (1979/11030), 16388.5390625, 17959.088201842646 | -122.23899841308594, -2.357705505448158
2024-04-14 18:01:43 INFO     train: 0 (2034/11030), 13200.392578125, 17975.855238885903 | -122.07076263427734, -5.599496975460568
2024-04-14 18:07:32 INFO     train: 0 (2089/11030), 13496.5693359375, 17933.48842983702 | -134.47499084472656, -8.890542951154938
2024-04-14 18:13:21 INFO     train: 0 (2144/11030), 16493.9375, 17930.02842457022 | -144.28172302246094, -12.226179662673346
2024-04-14 18:19:10 INFO     train: 0 (2199/11030), 19369.18359375, 17920.25348721591 | -151.20675659179688, -15.569729362834584
2024-04-14 18:25:00 INFO     train: 0 (2254/11030), 17343.671875, 17906.302761225055 | -158.88485717773438, -18.936956822634272
2024-04-14 18:30:49 INFO     train: 0 (2309/11030), 11378.341796875, 17914.72877435065 | -165.72845458984375, -22.351094492792566
2024-04-14 18:36:37 INFO     train: 0 (2364/11030), 14368.4599609375, 17879.206071204415 | -173.178955078125, -25.772899630911507
2024-04-14 18:42:25 INFO     train: 0 (2419/11030), 17143.9296875, 17853.165178283187 | -179.5718231201172, -29.230676334160417
2024-04-14 18:48:12 INFO     train: 0 (2474/11030), 9633.9765625, 17830.106193773674 | -192.55776977539062, -32.71681187022816
2024-04-14 18:53:59 INFO     train: 0 (2529/11030), 9848.39453125, 17820.463386240117 | -199.417236328125, -36.21348698582103
2024-04-14 18:59:46 INFO     train: 0 (2584/11030), 12924.7314453125, 17777.86769448138 | -207.40777587890625, -39.7539810461048
2024-04-14 19:05:33 INFO     train: 0 (2639/11030), 12040.583984375, 17762.72901500355 | -215.02658081054688, -43.24554318081249
2024-04-14 19:11:19 INFO     train: 0 (2694/11030), 12745.09375, 17784.702444848677 | -224.63290405273438, -46.79650411375821
2024-04-14 19:17:06 INFO     train: 0 (2749/11030), 9915.5234375, 17755.159550958808 | -233.02207946777344, -50.40239528170499
2024-04-14 19:22:52 INFO     train: 0 (2804/11030), 16920.763671875, 17728.988277942568 | -242.33639526367188, -54.04914127152659
2024-04-14 19:28:39 INFO     train: 0 (2859/11030), 22297.560546875, 17723.163263665047 | -246.56687927246094, -57.719349394311436
2024-04-14 19:34:25 INFO     train: 0 (2914/11030), 23778.138671875, 17689.08737185758 | -258.5888977050781, -61.40098705913354
2024-04-14 19:40:13 INFO     train: 0 (2969/11030), 19846.38671875, 17676.32340609875 | -268.0326232910156, -65.1329783288718
2024-04-14 19:46:00 INFO     train: 0 (3024/11030), 15714.015625, 17654.65461373321 | -275.9994201660156, -68.87532361369487
2024-04-14 19:51:48 INFO     train: 0 (3079/11030), 12358.8046875, 17672.077581707843 | -254.63116455078125, -72.61865289489944
2024-04-14 19:57:36 INFO     train: 0 (3134/11030), 15878.60546875, 17664.23504675663 | -290.9791259765625, -76.17818267311206
2024-04-14 20:03:22 INFO     train: 0 (3189/11030), 17243.08984375, 17665.16087183459 | -302.9557189941406, -79.97355348234267
2024-04-14 20:09:09 INFO     train: 0 (3244/11030), 17246.60546875, 17641.874406388433 | -311.83648681640625, -83.75600879945446
2024-04-14 20:14:57 INFO     train: 0 (3299/11030), 12552.490234375, 17620.66181270715 | -319.2544860839844, -87.5717829952818
2024-04-14 20:20:44 INFO     train: 0 (3354/11030), 13606.115234375, 17615.392031919477 | -327.24151611328125, -91.37253385108913
2024-04-14 20:26:31 INFO     train: 0 (3409/11030), 11411.9384765625, 17608.559196154463 | -335.4485778808594, -95.27840892870056
2024-04-14 20:32:20 INFO     train: 0 (3464/11030), 19011.087890625, 17597.586529496977 | -349.3883361816406, -99.21491581970479
2024-04-14 20:38:09 INFO     train: 0 (3519/11030), 22431.005859375, 17601.971688981488 | -356.8415222167969, -103.18174365542151
2024-04-14 20:43:57 INFO     train: 0 (3574/11030), 18867.419921875, 17606.32912164008 | -366.74658203125, -107.18034422014144
2024-04-14 20:49:46 INFO     train: 0 (3629/11030), 18973.921875, 17587.4377597441 | -378.1207275390625, -111.17320816313268
2024-04-14 20:55:35 INFO     train: 0 (3684/11030), 15212.900390625, 17578.83480047384 | -389.96014404296875, -115.23803136921318
2024-04-14 21:01:23 INFO     train: 0 (3739/11030), 12791.3779296875, 17618.661347839028 | -400.1078186035156, -119.3020802859954
2024-04-14 21:07:10 INFO     train: 0 (3794/11030), 11374.0810546875, 17593.32338616292 | -409.40740966796875, -123.41500674261563
2024-04-14 21:12:59 INFO     train: 0 (3849/11030), 14047.8603515625, 17584.968834593143 | -418.6606140136719, -127.5356069421149
2024-04-14 21:18:48 INFO     train: 0 (3904/11030), 18827.287109375, 17557.041420754642 | -427.7226257324219, -131.66086971952117
2024-04-14 21:24:37 INFO     train: 0 (3959/11030), 17126.03125, 17540.254622765744 | -434.553955078125, -135.8321226630548
2024-04-14 21:30:25 INFO     train: 0 (4014/11030), 22120.017578125, 17550.32678639185 | -447.7308349609375, -140.03331855878437
2024-04-14 21:36:13 INFO     train: 0 (4069/11030), 13388.359375, 17543.28120237158 | -457.1356506347656, -144.23997256773401
2024-04-14 21:42:01 INFO     train: 0 (4124/11030), 17885.23046875, 17528.33637298769 | -465.95391845703125, -148.4349761324796
2024-04-14 21:47:50 INFO     train: 0 (4179/11030), 9520.1923828125, 17513.342296019924 | -477.4795837402344, -152.68031199240798
2024-04-14 21:53:37 INFO     train: 0 (4234/11030), 17240.75, 17499.311352913777 | -488.2001647949219, -156.96770299035515
2024-04-14 21:59:23 INFO     train: 0 (4289/11030), 11408.09765625, 17485.989672794654 | -498.7552490234375, -161.078250421733
2024-04-14 22:05:10 INFO     train: 0 (4344/11030), 15246.59375, 17465.31597247195 | -508.97015380859375, -165.39579217118415
2024-04-14 22:10:58 INFO     train: 0 (4399/11030), 18481.1796875, 17460.669744762075 | -203.23089599609375, -168.28459916461597
2024-04-14 22:16:47 INFO     train: 0 (4454/11030), 19076.90625, 17482.146149647517 | -525.554931640625, -172.2810962878226
2024-04-14 22:22:35 INFO     train: 0 (4509/11030), 15843.7734375, 17493.715175478104 | -541.4849243164062, -176.63570310926755
2024-04-14 22:28:21 INFO     train: 0 (4564/11030), 13588.603515625, 17469.514412907312 | -545.0848388671875, -180.953177945324
2024-04-14 22:34:07 INFO     train: 0 (4619/11030), 15347.3896484375, 17456.664263308307 | -553.4345703125, -185.31373777761087
2024-04-14 22:39:54 INFO     train: 0 (4674/11030), 13209.0185546875, 17466.01117688837 | -553.9940185546875, -189.73873993980692
2024-04-14 22:45:40 INFO     train: 0 (4729/11030), 7710.83544921875, 17440.8542051029 | -579.99267578125, -194.17098238261508
2024-04-14 22:51:26 INFO     train: 0 (4784/11030), 15268.88671875, 17422.356360717902 | -590.7696533203125, -198.64460874535573
2024-04-14 22:57:12 INFO     train: 0 (4839/11030), 13687.3134765625, 17418.020679820667 | -601.6160888671875, -203.1190153066777
2024-04-14 23:02:58 INFO     train: 0 (4894/11030), 19001.435546875, 17427.852377565596 | -606.93212890625, -207.63724870769434
2024-04-14 23:08:44 INFO     train: 0 (4949/11030), 31263.6796875, 17442.154936770043 | -575.3055419921875, -212.17222612400246
2024-04-14 23:14:30 INFO     train: 0 (5004/11030), 19985.138671875, 17455.55993410886 | -628.9190063476562, -216.70542191496858
2024-04-14 23:20:16 INFO     train: 0 (5059/11030), 18042.068359375, 17475.219044802216 | -647.5740966796875, -221.292256380918
2024-04-14 23:26:02 INFO     train: 0 (5114/11030), 15519.8955078125, 17455.750553576338 | -658.1378784179688, -225.92255646303835
2024-04-14 23:31:48 INFO     train: 0 (5169/11030), 28482.4921875, 17448.464482214094 | -663.8980712890625, -230.5519871422124
2024-04-14 23:37:34 INFO     train: 0 (5224/11030), 17561.22265625, 17443.668887372907 | -681.05615234375, -235.19691354194896
2024-04-14 23:43:20 INFO     train: 0 (5279/11030), 15963.994140625, 17431.63362380519 | -689.7642822265625, -239.83091423078017
2024-04-14 23:49:06 INFO     train: 0 (5334/11030), 26187.4453125, 17440.6436787027 | -705.0812377929688, -244.55461496068924
2024-04-14 23:54:53 INFO     train: 0 (5389/11030), 12279.30859375, 17434.133490024207 | -714.633544921875, -249.2949060266668
2024-04-15 00:00:39 INFO     train: 0 (5444/11030), 14579.2666015625, 17424.484438041636 | -728.452392578125, -254.06453741334576
2024-04-15 00:06:25 INFO     train: 0 (5499/11030), 17733.71875, 17400.331594016334 | -737.6255493164062, -258.7898597849066
2024-04-15 00:12:11 INFO     train: 0 (5554/11030), 5884.6806640625, 17378.41809954433 | -751.1187133789062, -263.5839902306118
2024-04-15 00:17:56 INFO     train: 0 (5609/11030), 20581.04296875, 17375.32297184854 | -764.2918701171875, -268.4146438999822
2024-04-15 00:23:42 INFO     train: 0 (5664/11030), 18485.19140625, 17376.24112767542 | -774.3945922851562, -273.27897649632024
2024-04-15 00:29:29 INFO     train: 0 (5719/11030), 15294.90234375, 17387.363746824463 | -784.8709716796875, -278.14224959086704
2024-04-15 00:35:15 INFO     train: 0 (5774/11030), 26972.30078125, 17394.88494825487 | -799.4383544921875, -283.03061437763694
2024-04-15 00:41:00 INFO     train: 0 (5829/11030), 16895.580078125, 17400.345395080672 | -798.0577392578125, -287.9146033985537
2024-04-15 00:46:46 INFO     train: 0 (5884/11030), 12956.1044921875, 17400.025297034303 | -811.387939453125, -292.786048264937
2024-04-15 00:52:32 INFO     train: 0 (5939/11030), 27365.814453125, 17394.853282170665 | -838.5391845703125, -297.7579148616855
2024-04-15 00:58:18 INFO     train: 0 (5994/11030), 12898.828125, 17380.035577173687 | -849.846923828125, -302.7130980726279
2024-04-15 01:04:04 INFO     train: 0 (6049/11030), 19776.078125, 17372.17501129907 | -863.4951782226562, -307.6978054172736
2024-04-15 01:09:51 INFO     train: 0 (6104/11030), 13958.4248046875, 17362.796569794227 | -874.2830200195312, -312.7452813869417
2024-04-15 01:15:37 INFO     train: 0 (6159/11030), 22845.45703125, 17349.894887552633 | -890.6676025390625, -317.8284893277404
2024-04-15 01:21:23 INFO     train: 0 (6214/11030), 15248.732421875, 17343.54888131348 | -900.5755004882812, -322.89977161103644
2024-04-15 01:27:09 INFO     train: 0 (6269/11030), 11464.583984375, 17336.03737158281 | -907.5115356445312, -327.96982538627856
2024-04-15 01:32:55 INFO     train: 0 (6324/11030), 11565.8359375, 17341.82174059721 | -917.553955078125, -333.0460345863071
2024-04-15 01:38:41 INFO     train: 0 (6379/11030), 16455.6640625, 17338.306486716912 | -932.4082641601562, -338.12692763887605
2024-04-15 01:44:27 INFO     train: 0 (6434/11030), 17290.9765625, 17342.20058221943 | -951.1589965820312, -343.26684508601545
2024-04-15 01:50:13 INFO     train: 0 (6489/11030), 6994.55029296875, 17346.8582983737 | -965.9304809570312, -348.4680694903358
2024-04-15 01:55:59 INFO     train: 0 (6544/11030), 16946.693359375, 17330.987157718202 | -973.1134033203125, -353.68202239955264
2024-04-15 02:01:45 INFO     train: 0 (6599/11030), 22137.859375, 17324.552648555873 | -992.2054443359375, -358.8762366456696
2024-04-15 02:07:31 INFO     train: 0 (6654/11030), 25044.8671875, 17334.18307296558 | -1006.8934936523438, -364.1470289034023
2024-04-15 02:13:17 INFO     train: 0 (6709/11030), 22779.97265625, 17332.873982832294 | -1022.0371704101562, -369.46570318082763
2024-04-15 02:19:04 INFO     train: 0 (6764/11030), 13061.060546875, 17339.43817197316 | -955.474365234375, -374.78708443708626
2024-04-15 02:24:50 INFO     train: 0 (6819/11030), 14876.38671875, 17344.91142563806 | -1047.5709228515625, -380.11908027839104
2024-04-15 02:30:36 INFO     train: 0 (6874/11030), 29894.228515625, 17347.091884517045 | -1059.699951171875, -385.5144159174139
2024-04-15 02:36:22 INFO     train: 0 (6929/11030), 17178.650390625, 17349.206873351257 | -1077.300537109375, -390.935825460745
2024-04-15 02:42:08 INFO     train: 0 (6984/11030), 8399.7919921875, 17360.12486179928 | -1090.7275390625, -396.3819963410145
2024-04-15 02:47:54 INFO     train: 0 (7039/11030), 20548.779296875, 17355.559198760988 | -1103.42041015625, -401.8146095790646
2024-04-15 02:53:40 INFO     train: 0 (7094/11030), 21015.412109375, 17347.153703160788 | -1116.7933349609375, -407.27896195963456
2024-04-15 02:59:26 INFO     train: 0 (7149/11030), 14003.02734375, 17357.61229519504 | -1123.98046875, -412.70690241833665
2024-04-15 03:05:13 INFO     train: 0 (7204/11030), 14606.3876953125, 17359.628154479855 | -1138.3089599609375, -418.19873270462324
2024-04-15 03:10:59 INFO     train: 0 (7259/11030), 20073.146484375, 17378.44623007866 | -1141.905517578125, -423.72861469310834
2024-04-15 03:16:45 INFO     train: 0 (7314/11030), 15256.888671875, 17379.189926587598 | -1173.0062255859375, -429.28962383935163
2024-04-15 03:22:31 INFO     train: 0 (7369/11030), 20421.845703125, 17381.234809947953 | -1187.624755859375, -434.8533124941822
2024-04-15 03:28:17 INFO     train: 0 (7424/11030), 15297.44921875, 17403.067799939497 | -1192.3272705078125, -440.44713092791113
2024-04-15 03:34:03 INFO     train: 0 (7479/11030), 15267.869140625, 17409.332952652385 | -1212.94140625, -446.0581251333104
2024-04-15 03:39:50 INFO     train: 0 (7534/11030), 17353.162109375, 17420.405515731276 | -1231.8414306640625, -451.73921595005777
2024-04-15 03:45:36 INFO     train: 0 (7589/11030), 20149.81640625, 17428.20584734488 | -1233.5440673828125, -457.41657488022554
2024-04-15 03:51:22 INFO     train: 0 (7644/11030), 16358.115234375, 17438.205315782885 | -1258.801025390625, -463.08141840703354
2024-04-15 03:57:08 INFO     train: 0 (7699/11030), 15442.33203125, 17440.71909870891 | -1275.8846435546875, -468.79970680880854
2024-04-15 04:02:54 INFO     train: 0 (7754/11030), 15353.541015625, 17426.882252692314 | -1291.8563232421875, -474.5522176023148
2024-04-15 04:08:40 INFO     train: 0 (7809/11030), 18186.8203125, 17423.857412434478 | -1300.457275390625, -480.32774293975245
2024-04-15 04:14:26 INFO     train: 0 (7864/11030), 11923.50390625, 17420.799223033715 | -1324.3126220703125, -486.1391691732922
2024-04-15 04:20:13 INFO     train: 0 (7919/11030), 15348.4990234375, 17428.95467202543 | -1334.2938232421875, -491.97876742536374
2024-04-15 04:25:59 INFO     train: 0 (7974/11030), 17221.89453125, 17423.487516592377 | -1348.4913330078125, -497.8486048468228
2024-04-15 04:31:45 INFO     train: 0 (8029/11030), 25028.9609375, 17428.33509951695 | -1360.9053955078125, -503.7182425184238
2024-04-15 04:37:31 INFO     train: 0 (8084/11030), 20772.01953125, 17441.966666243912 | -1385.204345703125, -509.6450555705847
2024-04-15 04:43:17 INFO     train: 0 (8139/11030), 19342.876953125, 17448.989181691013 | -1356.2608642578125, -515.5673867860648
2024-04-15 04:49:02 INFO     train: 0 (8194/11030), 16384.01953125, 17456.861657081776 | -1408.010009765625, -521.4577389892243
2024-04-15 04:54:49 INFO     train: 0 (8249/11030), 17849.208984375, 17458.7974839607 | -1427.222412109375, -527.4240889850963
2024-04-15 05:00:34 INFO     train: 0 (8304/11030), 19436.662109375, 17460.59659849347 | -1441.671142578125, -533.4229403551482
2024-04-15 05:06:20 INFO     train: 0 (8359/11030), 33135.15625, 17475.33759315892 | -1435.9229736328125, -539.356580626109
2024-04-15 05:12:07 INFO     train: 0 (8414/11030), 22228.083984375, 17500.92880232704 | -1455.9520263671875, -545.331917317255
2024-04-15 05:17:53 INFO     train: 0 (8469/11030), 13997.2255859375, 17512.80438190627 | -1475.149169921875, -551.3186777806197
2024-04-15 05:23:39 INFO     train: 0 (8524/11030), 17468.90234375, 17525.971065398186 | -1495.835693359375, -557.3392474736636
2024-04-15 05:29:25 INFO     train: 0 (8579/11030), 22442.935546875, 17531.776915507995 | -1510.9488525390625, -563.3843995843456
2024-04-15 05:35:11 INFO     train: 0 (8634/11030), 14504.1220703125, 17540.270271955975 | -1523.6796875, -569.4752445784206
2024-04-15 05:40:58 INFO     train: 0 (8689/11030), 13337.6025390625, 17531.436005544718 | -1539.198486328125, -575.5790785948618
2024-04-15 05:46:44 INFO     train: 0 (8744/11030), 16388.505859375, 17541.13670183185 | -1559.0078125, -581.6794854030533
2024-04-15 05:52:30 INFO     train: 0 (8799/11030), 20328.8515625, 17545.4546924383 | -1571.1298828125, -587.7841803529046
2024-04-15 05:58:16 INFO     train: 0 (8854/11030), 14911.2705078125, 17553.068486146156 | -1588.188720703125, -593.9228482673425
2024-04-15 06:04:02 INFO     train: 0 (8909/11030), 16502.21484375, 17559.564678085106 | -1605.8575439453125, -600.0942090716293
2024-04-15 06:09:49 INFO     train: 0 (8964/11030), 12738.8583984375, 17552.88026608469 | -1609.211181640625, -606.2376086986603
2024-04-15 06:15:35 INFO     train: 0 (9019/11030), 17365.05078125, 17546.108057615023 | 92.0386734008789, -611.245596476299
2024-04-15 06:21:21 INFO     train: 0 (9074/11030), 19142.24609375, 17556.42625021522 | -1644.8111572265625, -617.0643747852
2024-04-15 06:27:07 INFO     train: 0 (9129/11030), 19744.310546875, 17559.364011051308 | -1654.3328857421875, -623.3002277223852
2024-04-15 06:32:54 INFO     train: 0 (9184/11030), 11630.927734375, 17567.128984183622 | -1673.9658203125, -629.507444614915
2024-04-15 06:38:40 INFO     train: 0 (9239/11030), 14781.052734375, 17556.94401316457 | -1686.6763916015625, -635.7955774220553
2024-04-15 06:44:26 INFO     train: 0 (9294/11030), 18229.564453125, 17555.059774660436 | -1709.94384765625, -642.1042592365169
2024-04-15 06:50:13 INFO     train: 0 (9349/11030), 19072.1484375, 17548.21775834517 | -1728.0185546875, -648.4346887015276
2024-04-15 06:55:59 INFO     train: 0 (9404/11030), 12266.5166015625, 17551.220879591558 | -1734.2275390625, -654.5245415390964
2024-04-15 07:01:45 INFO     train: 0 (9459/11030), 21096.896484375, 17554.650841278657 | -1755.0897216796875, -660.8184019387146
2024-04-15 07:07:32 INFO     train: 0 (9514/11030), 19859.62109375, 17552.701479007243 | -1766.322509765625, -667.1371877557029
2024-04-15 07:13:18 INFO     train: 0 (9569/11030), 22707.115234375, 17561.224009916652 | -1788.4930419921875, -673.501327384303
2024-04-15 07:19:05 INFO     train: 0 (9624/11030), 16165.271484375, 17565.851531605113 | -1804.0869140625, -679.9044998799113
2024-04-15 07:24:51 INFO     train: 0 (9679/11030), 20210.603515625, 17573.68316524285 | -1820.3841552734375, -686.3259051429338
2024-04-15 07:30:37 INFO     train: 0 (9734/11030), 18470.96484375, 17585.865503368565 | -1818.5732421875, -692.7664968281938
2024-04-15 07:36:23 INFO     train: 0 (9789/11030), 18196.619140625, 17587.89756482819 | -1847.9573974609375, -699.1632835134909
2024-04-15 07:42:10 INFO     train: 0 (9844/11030), 16652.96875, 17592.621279093528 | -1854.8551025390625, -705.4900924105278
2024-04-15 07:47:56 INFO     train: 0 (9899/11030), 24048.861328125, 17583.935321575125 | -1869.0030517578125, -711.0992380149918
2024-04-15 07:53:42 INFO     train: 0 (9954/11030), 28048.552734375, 17583.840221131813 | -1893.2701416015625, -717.5466197302687
2024-04-15 07:59:28 INFO     train: 0 (10009/11030), 15917.4716796875, 17581.913113936844 | -1895.51513671875, -724.0248976780819
2024-04-15 08:05:14 INFO     train: 0 (10064/11030), 17837.412109375, 17582.511842069518 | -1921.9599609375, -730.464713073594
2024-04-15 08:11:01 INFO     train: 0 (10119/11030), 13595.017578125, 17573.967769770567 | -1936.087646484375, -736.9492089120766
2024-04-15 08:16:48 INFO     train: 0 (10174/11030), 15684.9267578125, 17581.601012553747 | -1959.93896484375, -743.4899498690669
2024-04-15 08:22:34 INFO     train: 0 (10229/11030), 16589.2109375, 17579.634632075544 | -1982.343994140625, -750.073110707228
2024-04-15 08:28:20 INFO     train: 0 (10284/11030), 13542.6943359375, 17583.642687317697 | -1994.7755126953125, -756.6778566637721
2024-04-15 08:34:07 INFO     train: 0 (10339/11030), 22531.421875, 17578.9745233355 | -2011.5703125, -763.2947819357453
2024-04-15 08:39:54 INFO     train: 0 (10394/11030), 13072.46875, 17577.838809974746 | -2034.69921875, -769.9168020350248
2024-04-15 08:45:40 INFO     train: 0 (10449/11030), 9525.63671875, 17570.780646213367 | -2055.97119140625, -776.6029789408999
2024-04-15 08:51:26 INFO     train: 0 (10504/11030), 14598.67578125, 17565.71333870032 | -2068.24951171875, -783.3250172723536
2024-04-15 08:57:13 INFO     train: 0 (10559/11030), 34024.9765625, 17566.962009406812 | -2087.5556640625, -790.0743820006197
2024-04-15 09:03:00 INFO     train: 0 (10614/11030), 15865.4208984375, 17580.169961710286 | -2107.4111328125, -796.8426451504707
2024-04-15 09:08:46 INFO     train: 0 (10669/11030), 18362.599609375, 17577.20646013941 | -2126.908203125, -803.6441576073744
2024-04-15 09:14:32 INFO     train: 0 (10724/11030), 19898.9921875, 17599.178551955858 | -2148.37841796875, -810.4435423314377
2024-04-15 09:20:19 INFO     train: 0 (10779/11030), 15278.2548828125, 17610.321071011855 | -2163.01953125, -817.291709278864
2024-04-15 09:26:05 INFO     train: 0 (10834/11030), 19952.998046875, 17617.591211838804 | -2180.21484375, -824.1720350310392
2024-04-15 09:31:52 INFO     train: 0 (10889/11030), 14471.5615234375, 17622.465440627868 | -2203.888916015625, -831.0737219990011
2024-04-15 09:37:39 INFO     train: 0 (10944/11030), 21374.447265625, 17624.59080202147 | -2225.145263671875, -838.0172936148053
2024-04-15 09:43:26 INFO     train: 0 (10999/11030), 15047.2724609375, 17626.790094016334 | -2244.725341796875, -844.9951363459501
2024-04-15 09:47:04 INFO     val: 0, 91.28040211995443, 61.00138266245524
2024-04-15 09:47:26 INFO     test: 0, 125.63825154708604, 98.8977286451954
2024-04-15 09:53:40 INFO     train: 1 (54/11030), 15577.87109375, 19068.673508522726 | -2269.634033203125, -2264.017129794034
2024-04-15 09:59:27 INFO     train: 1 (109/11030), 15224.9267578125, 19873.77130681818 | -2289.547119140625, -2272.489149058949
2024-04-15 10:05:13 INFO     train: 1 (164/11030), 22109.23828125, 19844.331995738637 | -2307.427001953125, -2282.4140284682767
2024-04-15 10:11:00 INFO     train: 1 (219/11030), 17743.15625, 19456.274766956678 | -2331.38671875, -2291.4394353693183
2024-04-15 10:16:47 INFO     train: 1 (274/11030), 22824.970703125, 19053.2821875 | -2355.010986328125, -2299.5430326704545
2024-04-15 10:22:35 INFO     train: 1 (329/11030), 29770.4609375, 18933.431821141097 | -2375.019287109375, -2310.037539210464
2024-04-15 10:28:22 INFO     train: 1 (384/11030), 19823.5390625, 18996.95716314935 | -2397.173095703125, -2320.865233106737
2024-04-15 10:34:10 INFO     train: 1 (439/11030), 14424.408203125, 19157.047823819248 | -2399.805908203125, -2329.4964238947086
2024-04-15 10:39:57 INFO     train: 1 (494/11030), 19780.93359375, 19063.006848761048 | -2431.97998046875, -2339.2438708372792
2024-04-15 10:45:44 INFO     train: 1 (549/11030), 22950.16015625, 19124.055643643467 | -2450.312744140625, -2349.264070933949
2024-04-15 10:51:32 INFO     train: 1 (604/11030), 18736.1953125, 18985.727894983214 | -2473.989501953125, -2359.5543989701705
2024-04-15 10:57:19 INFO     train: 1 (659/11030), 19467.6875, 18941.609047259706 | -2490.6630859375, -2369.657980439157
2024-04-15 11:03:07 INFO     train: 1 (714/11030), 15869.7021484375, 18936.53410661604 | -2512.189453125, -2379.906339802775
2024-04-15 11:08:54 INFO     train: 1 (769/11030), 13294.1005859375, 18880.563431539165 | -2503.87158203125, -2388.284859159395
2024-04-15 11:14:41 INFO     train: 1 (824/11030), 19303.953125, 18724.828161103218 | -2544.849609375, -2397.928083866004
2024-04-15 11:20:28 INFO     train: 1 (879/11030), 17247.529296875, 18643.562502774326 | -2567.4091796875, -2407.8369437477804
2024-04-15 11:26:15 INFO     train: 1 (934/11030), 14217.12109375, 18514.170999227106 | -2593.2041015625, -2417.8257204106785
2024-04-15 11:32:02 INFO     train: 1 (989/11030), 18168.048828125, 18593.372708037405 | -2613.27880859375, -2427.7355905243844
2024-04-15 11:37:49 INFO     train: 1 (1044/11030), 17008.478515625, 18511.73818265924 | -2624.159423828125, -2437.38244336872
2024-04-15 11:43:36 INFO     train: 1 (1099/11030), 16293.12109375, 18399.279620916193 | -2649.68017578125, -2447.37744029652
2024-04-15 11:49:23 INFO     train: 1 (1154/11030), 14381.697265625, 18343.07952727611 | -2664.34423828125, -2457.3920780066287
2024-04-15 11:55:09 INFO     train: 1 (1209/11030), 17975.30859375, 18362.390351804625 | -2687.46044921875, -2467.3066706885975
2024-04-15 12:00:57 INFO     train: 1 (1264/11030), 18079.626953125, 18308.10295632102 | -2708.612548828125, -2477.19730132936
2024-04-15 12:06:44 INFO     train: 1 (1319/11030), 16366.068359375, 18268.819376997515 | -2726.786376953125, -2487.2545391660747
2024-04-15 12:12:31 INFO     train: 1 (1374/11030), 26596.26171875, 18230.366929332387 | -2747.046875, -2497.265579012784
2024-04-15 12:18:20 INFO     train: 1 (1429/11030), 13069.330078125, 18235.166514491368 | -2768.085205078125, -2507.3424994195257
2024-04-15 12:24:10 INFO     train: 1 (1484/11030), 21803.00390625, 18192.553425860166 | -2791.179931640625, -2517.4449286155827
2024-04-15 12:29:58 INFO     train: 1 (1539/11030), 23384.943359375, 18154.946368646004 | -2813.76025390625, -2527.535292429738
2024-04-15 12:35:48 INFO     train: 1 (1594/11030), 10525.30859375, 18117.320543629998 | -2826.8447265625, -2537.7068743571217
2024-04-15 12:41:36 INFO     train: 1 (1649/11030), 22111.42578125, 18177.88509144176 | -2795.044921875, -2547.2745768229165
2024-04-15 12:47:25 INFO     train: 1 (1704/11030), 21520.486328125, 18153.081687878024 | -2863.300537109375, -2556.4981903523644
2024-04-15 12:53:14 INFO     train: 1 (1759/11030), 15981.1640625, 18185.989950006657 | -2885.385498046875, -2566.425029407848
2024-04-15 12:59:03 INFO     train: 1 (1814/11030), 24638.654296875, 18238.288828178804 | -2905.861083984375, -2576.3516146909437
2024-04-15 13:04:52 INFO     train: 1 (1869/11030), 18319.68359375, 18255.915120268633 | -2908.326416015625, -2586.2884855708976
2024-04-15 13:10:41 INFO     train: 1 (1924/11030), 14875.45703125, 18210.929692826703 | -2947.12939453125, -2596.1833712966722
2024-04-15 13:16:29 INFO     train: 1 (1979/11030), 17012.513671875, 18212.911172022963 | -2958.961181640625, -2606.223257477115
2024-04-15 13:22:19 INFO     train: 1 (2034/11030), 13785.9619140625, 18239.65172829968 | -2985.06201171875, -2616.210360440341
2024-04-15 13:28:08 INFO     train: 1 (2089/11030), 14144.22265625, 18206.793767989308 | -3018.546630859375, -2626.2548784903934
2024-04-15 13:33:58 INFO     train: 1 (2144/11030), 17155.390625, 18212.857228155957 | -3027.3935546875, -2636.476280571642
2024-04-15 13:39:48 INFO     train: 1 (2199/11030), 20063.484375, 18213.773088378905 | -3036.197021484375, -2646.5667239657314
2024-04-15 13:45:39 INFO     train: 1 (2254/11030), 17982.724609375, 18208.891339774458 | -3071.28369140625, -2656.3913318710156
2024-04-15 13:51:28 INFO     train: 1 (2309/11030), 12005.240234375, 18224.776914020225 | -3099.442626953125, -2666.4402872192913
2024-04-15 13:57:18 INFO     train: 1 (2364/11030), 15007.8544921875, 18197.256943503897 | -3113.120849609375, -2676.656727235564
2024-04-15 14:03:09 INFO     train: 1 (2419/11030), 17836.599609375, 18179.251180551073 | -3133.2470703125, -2686.8742200614993
2024-04-15 14:08:58 INFO     train: 1 (2474/11030), 10286.2490234375, 18164.17000710227 | -3137.18359375, -2697.0549342053346
2024-04-15 14:14:49 INFO     train: 1 (2529/11030), 10559.740234375, 18163.117153918603 | -3180.276611328125, -2707.101069586833
2024-04-15 14:20:39 INFO     train: 1 (2584/11030), 13651.1884765625, 18128.73180288171 | -3192.8466796875, -2717.3694176325253
2024-04-15 14:26:27 INFO     train: 1 (2639/11030), 12771.89453125, 18122.100776256215 | -3225.60498046875, -2727.6194341486153
2024-04-15 14:32:14 INFO     train: 1 (2694/11030), 13403.615234375, 18151.77251293628 | -3243.597412109375, -2737.6396876630624
2024-04-15 14:38:01 INFO     train: 1 (2749/11030), 10639.0419921875, 18129.208172230115 | -3267.498779296875, -2747.9777492009944
2024-04-15 14:43:48 INFO     train: 1 (2804/11030), 17736.67578125, 18110.841044869652 | -3290.307373046875, -2758.324318408116
2024-04-15 14:49:38 INFO     train: 1 (2859/11030), 23176.39453125, 18113.625894271743 | -3313.292724609375, -2768.7725342650515
2024-04-15 14:55:36 INFO     train: 1 (2914/11030), 24717.80859375, 18088.09491014955 | -3336.6982421875, -2779.3232645496087
2024-04-15 15:01:34 INFO     train: 1 (2969/11030), 20858.095703125, 18084.75967947706 | -3360.627685546875, -2789.6923961292614
